#
# A fatal error has been detected by the Java Runtime Environment:
#
#  Internal Error (os_windows_x86.cpp:144), pid=10896, tid=0x0000000000003e40
#  guarantee(result == EXCEPTION_CONTINUE_EXECUTION) failed: Unexpected result from topLevelExceptionFilter
#
# JRE version: Java(TM) SE Runtime Environment (8.0_211-b12) (build 1.8.0_211-b12)
# Java VM: Java HotSpot(TM) 64-Bit Server VM (25.211-b12 mixed mode windows-amd64 compressed oops)
# Failed to write core dump. Minidumps are not enabled by default on client versions of Windows
#
# If you would like to submit a bug report, please visit:
#   http://bugreport.java.com/bugreport/crash.jsp
#

---------------  T H R E A D  ---------------

Current thread (0x00000000024aa800):  GCTaskThread [stack: 0x0000000011d10000,0x0000000011e10000] [id=15936]

Stack: [0x0000000011d10000,0x0000000011e10000]
[error occurred during error reporting (printing stack bounds), id 0xc0000005]

Native frames: (J=compiled Java code, j=interpreted, Vv=VM code, C=native code)


---------------  P R O C E S S  ---------------

Java Threads: ( => current thread )
  0x000000001eda8000 JavaThread "Exec process Thread 3" daemon [_thread_in_native, id=472, stack(0x000000002cbc0000,0x000000002ccc0000)]
  0x000000001ed9f000 JavaThread "Exec process Thread 2" daemon [_thread_in_native, id=15396, stack(0x000000002cac0000,0x000000002cbc0000)]
  0x000000001eda1000 JavaThread "ForkJoinPool-3-worker-12" daemon [_thread_blocked, id=16128, stack(0x000000002c9c0000,0x000000002cac0000)]
  0x000000001eda3800 JavaThread "ForkJoinPool-3-worker-3" daemon [_thread_blocked, id=13684, stack(0x000000002c8c0000,0x000000002c9c0000)]
  0x000000001ed9f800 JavaThread "ForkJoinPool-3-worker-10" daemon [_thread_blocked, id=14820, stack(0x000000002c7c0000,0x000000002c8c0000)]
  0x000000001eda2800 JavaThread "ForkJoinPool-3-worker-1" daemon [_thread_blocked, id=10928, stack(0x000000002c6c0000,0x000000002c7c0000)]
  0x000000001eda5800 JavaThread "ForkJoinPool-3-worker-8" daemon [_thread_blocked, id=176, stack(0x000000002c5c0000,0x000000002c6c0000)]
  0x000000001eda0800 JavaThread "ForkJoinPool-3-worker-15" daemon [_thread_blocked, id=8616, stack(0x000000002c4c0000,0x000000002c5c0000)]
  0x000000001eda5000 JavaThread "ForkJoinPool-3-worker-6" daemon [_thread_blocked, id=6088, stack(0x000000002c3c0000,0x000000002c4c0000)]
  0x000000001eda4000 JavaThread "ForkJoinPool-3-worker-13" daemon [_thread_blocked, id=2324, stack(0x000000002c2c0000,0x000000002c3c0000)]
  0x00000000221db800 JavaThread "ForkJoinPool-3-worker-4" daemon [_thread_blocked, id=5868, stack(0x000000002c1c0000,0x000000002c2c0000)]
  0x000000001c9b7000 JavaThread "ForkJoinPool-3-worker-11" daemon [_thread_blocked, id=15272, stack(0x000000002c0c0000,0x000000002c1c0000)]
  0x000000001c9b5800 JavaThread "ForkJoinPool-3-worker-2" daemon [_thread_blocked, id=16356, stack(0x000000002bd20000,0x000000002be20000)]
  0x0000000022011000 JavaThread "Exec process" daemon [_thread_in_native, id=13924, stack(0x000000002bfc0000,0x000000002c0c0000)]
  0x0000000022002800 JavaThread "ForkJoinPool-3-worker-9" daemon [_thread_blocked, id=15492, stack(0x0000000028fe0000,0x00000000290e0000)]
  0x000000002200d000 JavaThread "WorkerExecutor Queue Thread 20" [_thread_blocked, id=8908, stack(0x000000002bec0000,0x000000002bfc0000)]
  0x0000000022010000 JavaThread "WorkerExecutor Queue Thread 19" [_thread_blocked, id=8992, stack(0x000000002aa20000,0x000000002ab20000)]
  0x000000002200e800 JavaThread "WorkerExecutor Queue Thread 18" [_thread_blocked, id=10792, stack(0x000000002a7b0000,0x000000002a8b0000)]
  0x0000000022009800 JavaThread "ForkJoinPool.commonPool-worker-3" daemon [_thread_blocked, id=15452, stack(0x00000000294e0000,0x00000000295e0000)]
  0x0000000022005000 JavaThread "ForkJoinPool.commonPool-worker-10" daemon [_thread_blocked, id=12176, stack(0x00000000293e0000,0x00000000294e0000)]
  0x0000000022004000 JavaThread "ForkJoinPool.commonPool-worker-1" daemon [_thread_blocked, id=4612, stack(0x00000000292e0000,0x00000000293e0000)]
  0x0000000022008800 JavaThread "ForkJoinPool.commonPool-worker-8" daemon [_thread_blocked, id=13712, stack(0x00000000291e0000,0x00000000292e0000)]
  0x0000000022006800 JavaThread "ForkJoinPool.commonPool-worker-15" daemon [_thread_blocked, id=15976, stack(0x00000000290e0000,0x00000000291e0000)]
  0x0000000022003800 JavaThread "ForkJoinPool.commonPool-worker-13" daemon [_thread_blocked, id=6836, stack(0x0000000028ee0000,0x0000000028fe0000)]
  0x0000000022002000 JavaThread "ForkJoinPool.commonPool-worker-4" daemon [_thread_blocked, id=11804, stack(0x0000000028de0000,0x0000000028ee0000)]
  0x0000000022005800 JavaThread "ForkJoinPool.commonPool-worker-11" daemon [_thread_blocked, id=7868, stack(0x0000000028ce0000,0x0000000028de0000)]
  0x0000000022007000 JavaThread "ForkJoinPool.commonPool-worker-2" daemon [_thread_blocked, id=11672, stack(0x0000000028be0000,0x0000000028ce0000)]
  0x000000001c9b8800 JavaThread "ForkJoinPool.commonPool-worker-9" daemon [_thread_blocked, id=4384, stack(0x0000000028880000,0x0000000028980000)]
  0x000000001c9b0000 JavaThread "WorkerExecutor Queue Thread 17" [_thread_blocked, id=14584, stack(0x0000000028580000,0x0000000028680000)]
  0x000000001c9b3000 JavaThread "WorkerExecutor Queue Thread 16" [_thread_blocked, id=12840, stack(0x0000000028480000,0x0000000028580000)]
  0x000000001c9b1800 JavaThread "WorkerExecutor Queue Thread 15" [_thread_blocked, id=16372, stack(0x0000000028380000,0x0000000028480000)]
  0x000000001c9b1000 JavaThread "WorkerExecutor Queue Thread 14" [_thread_blocked, id=4052, stack(0x0000000028280000,0x0000000028380000)]
  0x000000001c9af800 JavaThread "WorkerExecutor Queue Thread 13" [_thread_blocked, id=11588, stack(0x0000000028180000,0x0000000028280000)]
  0x000000001c9b6000 JavaThread "WorkerExecutor Queue Thread 12" [_thread_blocked, id=5752, stack(0x0000000027b80000,0x0000000027c80000)]
  0x00000000221d9000 JavaThread "WorkerExecutor Queue Thread 11" [_thread_blocked, id=2416, stack(0x00000000266d0000,0x00000000267d0000)]
  0x00000000221d6000 JavaThread "Cache worker for Java compile cache (C:\Users\PC\Desktop\PetCr\PetCr\android\.gradle\6.0.1\javaCompile)" [_thread_blocked, id=1612, stack(0x0000000027e80000,0x0000000027f80000)]
  0x00000000221d7800 JavaThread "Cache worker for Java compile cache (C:\Users\PC\.gradle\caches\6.0.1\javaCompile)" [_thread_blocked, id=4912, stack(0x0000000027d80000,0x0000000027e80000)]
  0x00000000221ce800 JavaThread "WorkerExecutor Queue Thread 10" [_thread_blocked, id=11808, stack(0x0000000027c80000,0x0000000027d80000)]
  0x00000000221cf800 JavaThread "stdout" [_thread_in_native, id=11988, stack(0x0000000027a80000,0x0000000027b80000)]
  0x00000000221ce000 JavaThread "stderr" [_thread_in_native, id=11996, stack(0x0000000027980000,0x0000000027a80000)]
  0x00000000221d4800 JavaThread "stdout" [_thread_in_native, id=12512, stack(0x0000000027880000,0x0000000027980000)]
  0x00000000221d4000 JavaThread "stderr" [_thread_in_native, id=9164, stack(0x0000000027780000,0x0000000027880000)]
  0x00000000221cd000 JavaThread "stdout" [_thread_in_native, id=11904, stack(0x0000000027680000,0x0000000027780000)]
  0x00000000221d3000 JavaThread "stderr" [_thread_in_native, id=11984, stack(0x0000000027580000,0x0000000027680000)]
  0x00000000221d2800 JavaThread "stdout" [_thread_in_native, id=15468, stack(0x0000000027480000,0x0000000027580000)]
  0x00000000221cc800 JavaThread "stderr" [_thread_in_native, id=11204, stack(0x0000000027210000,0x0000000027310000)]
  0x00000000221d1800 JavaThread "stdout" [_thread_in_native, id=12828, stack(0x0000000027380000,0x0000000027480000)]
  0x00000000221d0000 JavaThread "stderr" [_thread_in_native, id=11756, stack(0x0000000026ad0000,0x0000000026bd0000)]
  0x000000001c46a800 JavaThread "stdout" [_thread_in_native, id=4408, stack(0x0000000027110000,0x0000000027210000)]
  0x000000001c9bd800 JavaThread "stderr" [_thread_in_native, id=12860, stack(0x0000000027010000,0x0000000027110000)]
  0x000000001c9be800 JavaThread "stdout" [_thread_in_native, id=5216, stack(0x0000000026f10000,0x0000000027010000)]
  0x000000001c9bd000 JavaThread "stderr" [_thread_in_native, id=468, stack(0x0000000026e10000,0x0000000026f10000)]
  0x000000001c9bc000 JavaThread "stdout" [_thread_in_native, id=2108, stack(0x0000000026d10000,0x0000000026e10000)]
  0x000000001c9bb800 JavaThread "stderr" [_thread_in_native, id=7444, stack(0x0000000026c10000,0x0000000026d10000)]
  0x000000001c9ba800 JavaThread "pool-3-thread-1" [_thread_blocked, id=1836, stack(0x00000000269d0000,0x0000000026ad0000)]
  0x000000001c9b9000 JavaThread "WorkerExecutor Queue Thread 5" [_thread_blocked, id=14176, stack(0x00000000265d0000,0x00000000266d0000)]
  0x000000001c467800 JavaThread "Cache worker for execution history cache (C:\Users\PC\Desktop\PetCr\PetCr\android\.gradle\6.0.1\executionHistory)" [_thread_blocked, id=13832, stack(0x0000000025ed0000,0x0000000025fd0000)]
  0x000000001c468800 JavaThread "Execution worker for ':' Thread 11" [_thread_blocked, id=12492, stack(0x0000000025dd0000,0x0000000025ed0000)]
  0x000000001c46d000 JavaThread "Execution worker for ':' Thread 10" [_thread_blocked, id=9156, stack(0x0000000025cd0000,0x0000000025dd0000)]
  0x000000001c460000 JavaThread "Execution worker for ':' Thread 9" [_thread_blocked, id=7176, stack(0x0000000025bd0000,0x0000000025cd0000)]
  0x000000001c465800 JavaThread "Execution worker for ':' Thread 8" [_thread_blocked, id=4780, stack(0x0000000025ad0000,0x0000000025bd0000)]
  0x000000001c461800 JavaThread "Execution worker for ':' Thread 7" [_thread_blocked, id=3896, stack(0x00000000259d0000,0x0000000025ad0000)]
  0x000000001c467000 JavaThread "Execution worker for ':' Thread 6" [_thread_blocked, id=2752, stack(0x00000000258d0000,0x00000000259d0000)]
  0x000000001c464800 JavaThread "Execution worker for ':' Thread 5" [_thread_blocked, id=1400, stack(0x00000000257d0000,0x00000000258d0000)]
  0x000000001b825800 JavaThread "Execution worker for ':' Thread 4" [_thread_blocked, id=120, stack(0x00000000254d0000,0x00000000255d0000)]
  0x000000001b824000 JavaThread "Execution worker for ':' Thread 3" [_thread_blocked, id=1428, stack(0x00000000250d0000,0x00000000251d0000)]
  0x000000001b823800 JavaThread "Execution worker for ':' Thread 2" [_thread_blocked, id=14836, stack(0x0000000024fd0000,0x00000000250d0000)]
  0x000000001b822800 JavaThread "Execution worker for ':'" [_thread_blocked, id=15032, stack(0x0000000024ed0000,0x0000000024fd0000)]
  0x000000001b822000 JavaThread "Cache worker for file content cache (C:\Users\PC\Desktop\PetCr\PetCr\android\.gradle\6.0.1\fileContent)" [_thread_blocked, id=7456, stack(0x0000000024bd0000,0x0000000024cd0000)]
  0x000000001b820800 JavaThread "Cache worker for Build Output Cleanup Cache (C:\Users\PC\Desktop\PetCr\PetCr\android\.gradle\buildOutputCleanup)" [_thread_blocked, id=1548, stack(0x0000000024ad0000,0x0000000024bd0000)]
  0x000000001b819000 JavaThread "Build operations Thread 12" [_thread_blocked, id=12636, stack(0x00000000243d0000,0x00000000244d0000)]
  0x000000001b81f800 JavaThread "Build operations Thread 11" [_thread_blocked, id=15952, stack(0x00000000209d0000,0x0000000020ad0000)]
  0x000000001b818000 JavaThread "Build operations Thread 10" [_thread_blocked, id=9192, stack(0x00000000202d0000,0x00000000203d0000)]
  0x000000001b81f000 JavaThread "Build operations Thread 9" [_thread_blocked, id=9052, stack(0x00000000201d0000,0x00000000202d0000)]
  0x000000001b81d800 JavaThread "Build operations Thread 8" [_thread_blocked, id=8996, stack(0x00000000200d0000,0x00000000201d0000)]
  0x000000001b81c800 JavaThread "Build operations Thread 7" [_thread_blocked, id=2072, stack(0x000000001ffd0000,0x00000000200d0000)]
  0x000000001b81c000 JavaThread "Build operations Thread 6" [_thread_blocked, id=9316, stack(0x000000001fed0000,0x000000001ffd0000)]
  0x000000001b81b000 JavaThread "Build operations Thread 5" [_thread_blocked, id=6484, stack(0x000000001fdd0000,0x000000001fed0000)]
  0x000000001b460000 JavaThread "Build operations Thread 4" [_thread_blocked, id=1136, stack(0x000000001fcd0000,0x000000001fdd0000)]
  0x000000001b458000 JavaThread "Build operations Thread 3" [_thread_blocked, id=7036, stack(0x000000001fbd0000,0x000000001fcd0000)]
  0x000000001b45f000 JavaThread "Build operations Thread 2" [_thread_blocked, id=14872, stack(0x000000001fad0000,0x000000001fbd0000)]
  0x000000001b457800 JavaThread "Build operations" [_thread_blocked, id=14892, stack(0x000000001f9d0000,0x000000001fad0000)]
  0x000000001b459800 JavaThread "Cache worker for cache directory md-rule (C:\Users\PC\.gradle\caches\6.0.1\md-rule)" [_thread_blocked, id=6000, stack(0x000000001f8d0000,0x000000001f9d0000)]
  0x000000001b45e000 JavaThread "Cache worker for cache directory md-supplier (C:\Users\PC\.gradle\caches\6.0.1\md-supplier)" [_thread_blocked, id=11860, stack(0x000000001f7d0000,0x000000001f8d0000)]
  0x000000001b452000 JavaThread "Cache worker for file hash cache (C:\Users\PC\Desktop\PetCr\PetCr\android\.gradle\6.0.1\fileHashes)" [_thread_blocked, id=6220, stack(0x000000001f3d0000,0x000000001f4d0000)]
  0x000000001b45d800 JavaThread "Thread-51" [_thread_blocked, id=12240, stack(0x000000001d6b0000,0x000000001d7b0000)]
  0x000000001b459000 JavaThread "Stdin handler" [_thread_blocked, id=5204, stack(0x000000001d5b0000,0x000000001d6b0000)]
  0x000000001b455000 JavaThread "Asynchronous log dispatcher for DefaultDaemonConnection: socket connection from /127.0.0.1:54626 to /127.0.0.1:54961" [_thread_blocked, id=7980, stack(0x000000001ae10000,0x000000001af10000)]
  0x000000001b45b000 JavaThread "Daemon worker Thread 2" [_thread_blocked, id=12276, stack(0x000000001ad10000,0x000000001ae10000)]
  0x000000001b45c000 JavaThread "Cancel handler" [_thread_blocked, id=5844, stack(0x000000001ac10000,0x000000001ad10000)]
  0x000000001b45a800 JavaThread "Handler for socket connection from /127.0.0.1:54626 to /127.0.0.1:54961" [_thread_in_native, id=4604, stack(0x000000001a910000,0x000000001aa10000)]
  0x000000001b456000 JavaThread "Daemon Thread 2" [_thread_blocked, id=12716, stack(0x000000001a510000,0x000000001a610000)]
  0x000000001c463000 JavaThread "Cache worker for file content cache (C:\Users\PC\.gradle\caches\6.0.1\fileContent)" [_thread_blocked, id=1480, stack(0x0000000023080000,0x0000000023180000)]
  0x000000001b827000 JavaThread "Memory manager" [_thread_blocked, id=5336, stack(0x0000000022780000,0x0000000022880000)]
  0x000000001b81e000 JavaThread "Cache worker for execution history cache (C:\Users\PC\.gradle\caches\6.0.1\executionHistory)" [_thread_blocked, id=392, stack(0x000000001f4d0000,0x000000001f5d0000)]
  0x000000001571c800 JavaThread "Cache worker for journal cache (C:\Users\PC\.gradle\caches\journal-1)" [_thread_blocked, id=10468, stack(0x000000001b110000,0x000000001b210000)]
  0x000000001571a800 JavaThread "File lock request listener" [_thread_in_native, id=8420, stack(0x000000001b010000,0x000000001b110000)]
  0x000000001571c000 JavaThread "Cache worker for file hash cache (C:\Users\PC\.gradle\caches\6.0.1\fileHashes)" [_thread_blocked, id=15248, stack(0x000000001af10000,0x000000001b010000)]
  0x0000000019259000 JavaThread "Daemon periodic checks" [_thread_blocked, id=5164, stack(0x000000001a410000,0x000000001a510000)]
  0x0000000019258000 JavaThread "Incoming local TCP Connector on port 54626" [_thread_in_native, id=3812, stack(0x0000000017480000,0x0000000017580000)]
  0x00000000191b2800 JavaThread "Daemon health stats" [_thread_blocked, id=2100, stack(0x0000000017380000,0x0000000017480000)]
  0x00000000157a4000 JavaThread "Service Thread" daemon [_thread_blocked, id=14988, stack(0x0000000017180000,0x0000000017280000)]
  0x0000000015719800 JavaThread "C1 CompilerThread3" daemon [_thread_blocked, id=8644, stack(0x0000000017080000,0x0000000017180000)]
  0x0000000014009000 JavaThread "C2 CompilerThread2" daemon [_thread_in_native, id=11300, stack(0x0000000016f80000,0x0000000017080000)]
  0x000000001570b800 JavaThread "C2 CompilerThread1" daemon [_thread_blocked, id=15232, stack(0x0000000016e80000,0x0000000016f80000)]
  0x0000000015705800 JavaThread "C2 CompilerThread0" daemon [_thread_in_native, id=12972, stack(0x0000000016d80000,0x0000000016e80000)]
  0x0000000015704000 JavaThread "Attach Listener" daemon [_thread_blocked, id=12712, stack(0x0000000016c80000,0x0000000016d80000)]
  0x0000000015703000 JavaThread "Signal Dispatcher" daemon [_thread_blocked, id=9908, stack(0x0000000016b80000,0x0000000016c80000)]
  0x000000000258d000 JavaThread "Finalizer" daemon [_thread_blocked, id=8680, stack(0x0000000016960000,0x0000000016a60000)]
  0x0000000013ffd800 JavaThread "Reference Handler" daemon [_thread_blocked, id=13764, stack(0x0000000016860000,0x0000000016960000)]
  0x000000000248e800 JavaThread "main" [_thread_blocked, id=14808, stack(0x0000000002360000,0x0000000002460000)]

Other Threads:
  0x0000000013ff6800 VMThread [stack: 0x0000000016760000,0x0000000016860000] [id=12500]
  0x00000000157ce800 WatcherThread [stack: 0x0000000017280000,0x0000000017380000] [id=12664]

=>0x00000000024aa800 (exited) GCTaskThread [stack: 0x0000000011d10000,0x0000000011e10000] [id=15936]

VM state:at safepoint (normal execution)

VM Mutex/Monitor currently owned by a thread:  ([mutex/lock_event])
[0x000000000248e160] Threads_lock - owner thread: 0x0000000013ff6800
[0x0000000002490dd0] Heap_lock - owner thread: 0x00000000221d9000

heap address: 0x00000000e0000000, size: 512 MB, Compressed Oops mode: 32-bit
Narrow klass base: 0x0000000000000000, Narrow klass shift: 3
Compressed class space size: 1073741824 Address: 0x0000000100000000

Heap:
 PSYoungGen      total 145920K, used 121344K [0x00000000f5580000, 0x0000000100000000, 0x0000000100000000)
  eden space 121344K, 100% used [0x00000000f5580000,0x00000000fcc00000,0x00000000fcc00000)
  from space 24576K, 0% used [0x00000000fcc00000,0x00000000fcc00000,0x00000000fe400000)
  to   space 28672K, 99% used [0x00000000fe400000,0x00000000ffffb190,0x0000000100000000)
 ParOldGen       total 349696K, used 241746K [0x00000000e0000000, 0x00000000f5580000, 0x00000000f5580000)
  object space 349696K, 69% used [0x00000000e0000000,0x00000000eec1e938,0x00000000f5580000)
 Metaspace       used 99028K, capacity 105675K, committed 106240K, reserved 1140736K
  class space    used 12987K, capacity 14382K, committed 14592K, reserved 1048576K

Card table byte_map: [0x0000000011950000,0x0000000011a60000] byte_map_base: 0x0000000011250000

Marking Bits: (ParMarkBitMap*) 0x000000006e1a5ce0
 Begin Bits: [0x0000000012510000, 0x0000000012d10000)
 End Bits:   [0x0000000012d10000, 0x0000000013510000)

Polling page: 0x0000000000810000

CodeCache: size=245760Kb used=65227Kb max_used=66536Kb free=180532Kb
 bounds [0x0000000002590000, 0x0000000006720000, 0x0000000011590000]
 total_blobs=19818 nmethods=18939 adapters=789
 compilation: enabled

Compilation events (10 events):
Event: 1069.173 Thread 0x0000000015719800 24365       1       com.android.tools.r8.code.A0::a (1 bytes)
Event: 1069.173 Thread 0x0000000015719800 nmethod 24365 0x0000000002f1eb10 code [0x0000000002f1ec60, 0x0000000002f1ed70]
Event: 1069.177 Thread 0x0000000015719800 24366       3       com.android.tools.r8.code.ConstWide16::a (1 bytes)
Event: 1069.177 Thread 0x0000000015719800 nmethod 24366 0x0000000005c32f10 code [0x0000000005c33060, 0x0000000005c331b0]
Event: 1069.188 Thread 0x0000000015719800 24367       3       com.android.tools.r8.graph.DexValue$f::a (14 bytes)
Event: 1069.188 Thread 0x0000000015719800 nmethod 24367 0x0000000005c65790 code [0x0000000005c65940, 0x0000000005c65f08]
Event: 1069.192 Thread 0x0000000015719800 24368       1       com.android.tools.r8.code.MoveException::a (1 bytes)
Event: 1069.192 Thread 0x0000000015719800 nmethod 24368 0x0000000005c65490 code [0x0000000005c655e0, 0x0000000005c656f0]
Event: 1069.192 Thread 0x0000000015719800 24369       3       com.android.tools.r8.code.MonitorEnter::a (1 bytes)
Event: 1069.192 Thread 0x0000000015719800 nmethod 24369 0x0000000005c32bd0 code [0x0000000005c32d20, 0x0000000005c32e70]

GC Heap History (10 events):
Event: 1065.473 GC heap after
Heap after GC invocations=62 (full 5):
 PSYoungGen      total 143360K, used 3051K [0x00000000f5580000, 0x00000000ffe00000, 0x0000000100000000)
  eden space 116224K, 0% used [0x00000000f5580000,0x00000000f5580000,0x00000000fc700000)
  from space 27136K, 11% used [0x00000000fc700000,0x00000000fc9faf20,0x00000000fe180000)
  to   space 26112K, 0% used [0x00000000fe480000,0x00000000fe480000,0x00000000ffe00000)
 ParOldGen       total 349696K, used 312803K [0x00000000e0000000, 0x00000000f5580000, 0x00000000f5580000)
  object space 349696K, 89% used [0x00000000e0000000,0x00000000f3178c18,0x00000000f5580000)
 Metaspace       used 97878K, capacity 104525K, committed 104960K, reserved 1140736K
  class space    used 12866K, capacity 14277K, committed 14336K, reserved 1048576K
}
Event: 1065.893 GC heap before
{Heap before GC invocations=63 (full 5):
 PSYoungGen      total 143360K, used 119275K [0x00000000f5580000, 0x00000000ffe00000, 0x0000000100000000)
  eden space 116224K, 100% used [0x00000000f5580000,0x00000000fc700000,0x00000000fc700000)
  from space 27136K, 11% used [0x00000000fc700000,0x00000000fc9faf20,0x00000000fe180000)
  to   space 26112K, 0% used [0x00000000fe480000,0x00000000fe480000,0x00000000ffe00000)
 ParOldGen       total 349696K, used 312803K [0x00000000e0000000, 0x00000000f5580000, 0x00000000f5580000)
  object space 349696K, 89% used [0x00000000e0000000,0x00000000f3178c18,0x00000000f5580000)
 Metaspace       used 97889K, capacity 104529K, committed 104960K, reserved 1140736K
  class space    used 12866K, capacity 14277K, committed 14336K, reserved 1048576K
Event: 1065.898 GC heap after
Heap after GC invocations=63 (full 5):
 PSYoungGen      total 145408K, used 2487K [0x00000000f5580000, 0x00000000ffc00000, 0x0000000100000000)
  eden space 121344K, 0% used [0x00000000f5580000,0x00000000f5580000,0x00000000fcc00000)
  from space 24064K, 10% used [0x00000000fe480000,0x00000000fe6edcb0,0x00000000ffc00000)
  to   space 24576K, 0% used [0x00000000fcc00000,0x00000000fcc00000,0x00000000fe400000)
 ParOldGen       total 349696K, used 315488K [0x00000000e0000000, 0x00000000f5580000, 0x00000000f5580000)
  object space 349696K, 90% used [0x00000000e0000000,0x00000000f3418108,0x00000000f5580000)
 Metaspace       used 97889K, capacity 104529K, committed 104960K, reserved 1140736K
  class space    used 12866K, capacity 14277K, committed 14336K, reserved 1048576K
}
Event: 1066.878 GC heap before
{Heap before GC invocations=64 (full 5):
 PSYoungGen      total 145408K, used 123831K [0x00000000f5580000, 0x00000000ffc00000, 0x0000000100000000)
  eden space 121344K, 100% used [0x00000000f5580000,0x00000000fcc00000,0x00000000fcc00000)
  from space 24064K, 10% used [0x00000000fe480000,0x00000000fe6edcb0,0x00000000ffc00000)
  to   space 24576K, 0% used [0x00000000fcc00000,0x00000000fcc00000,0x00000000fe400000)
 ParOldGen       total 349696K, used 315488K [0x00000000e0000000, 0x00000000f5580000, 0x00000000f5580000)
  object space 349696K, 90% used [0x00000000e0000000,0x00000000f3418108,0x00000000f5580000)
 Metaspace       used 98334K, capacity 105127K, committed 105344K, reserved 1140736K
  class space    used 12916K, capacity 14354K, committed 14464K, reserved 1048576K
Event: 1066.889 GC heap after
Heap after GC invocations=64 (full 5):
 PSYoungGen      total 145920K, used 24563K [0x00000000f5580000, 0x0000000100000000, 0x0000000100000000)
  eden space 121344K, 0% used [0x00000000f5580000,0x00000000f5580000,0x00000000fcc00000)
  from space 24576K, 99% used [0x00000000fcc00000,0x00000000fe3fcc68,0x00000000fe400000)
  to   space 28672K, 0% used [0x00000000fe400000,0x00000000fe400000,0x0000000100000000)
 ParOldGen       total 349696K, used 328155K [0x00000000e0000000, 0x00000000f5580000, 0x00000000f5580000)
  object space 349696K, 93% used [0x00000000e0000000,0x00000000f4076c20,0x00000000f5580000)
 Metaspace       used 98334K, capacity 105127K, committed 105344K, reserved 1140736K
  class space    used 12916K, capacity 14354K, committed 14464K, reserved 1048576K
}
Event: 1067.417 GC heap before
{Heap before GC invocations=65 (full 5):
 PSYoungGen      total 145920K, used 145907K [0x00000000f5580000, 0x0000000100000000, 0x0000000100000000)
  eden space 121344K, 100% used [0x00000000f5580000,0x00000000fcc00000,0x00000000fcc00000)
  from space 24576K, 99% used [0x00000000fcc00000,0x00000000fe3fcc68,0x00000000fe400000)
  to   space 28672K, 0% used [0x00000000fe400000,0x00000000fe400000,0x0000000100000000)
 ParOldGen       total 349696K, used 328155K [0x00000000e0000000, 0x00000000f5580000, 0x00000000f5580000)
  object space 349696K, 93% used [0x00000000e0000000,0x00000000f4076c20,0x00000000f5580000)
 Metaspace       used 99102K, capacity 106009K, committed 106240K, reserved 1140736K
  class space    used 13035K, capacity 14479K, committed 14592K, reserved 1048576K
Event: 1067.813 GC heap after
Heap after GC invocations=65 (full 5):
 PSYoungGen      total 145920K, used 145907K [0x00000000f5580000, 0x0000000100000000, 0x0000000100000000)
  eden space 121344K, 100% used [0x00000000f5580000,0x00000000fcc00000,0x00000000fcc00000)
  from space 24576K, 99% used [0x00000000fcc00000,0x00000000fe3fcc68,0x00000000fe400000)
  to   space 28672K, 99% used [0x00000000fe400000,0x00000000fffff568,0x0000000100000000)
 ParOldGen       total 349696K, used 349691K [0x00000000e0000000, 0x00000000f5580000, 0x00000000f5580000)
  object space 349696K, 99% used [0x00000000e0000000,0x00000000f557ec68,0x00000000f5580000)
 Metaspace       used 99102K, capacity 106009K, committed 106240K, reserved 1140736K
  class space    used 13035K, capacity 14479K, committed 14592K, reserved 1048576K
}
Event: 1067.813 GC heap before
{Heap before GC invocations=66 (full 6):
 PSYoungGen      total 145920K, used 145907K [0x00000000f5580000, 0x0000000100000000, 0x0000000100000000)
  eden space 121344K, 100% used [0x00000000f5580000,0x00000000fcc00000,0x00000000fcc00000)
  from space 24576K, 99% used [0x00000000fcc00000,0x00000000fe3fcc68,0x00000000fe400000)
  to   space 28672K, 99% used [0x00000000fe400000,0x00000000fffff568,0x0000000100000000)
 ParOldGen       total 349696K, used 349691K [0x00000000e0000000, 0x00000000f5580000, 0x00000000f5580000)
  object space 349696K, 99% used [0x00000000e0000000,0x00000000f557ec68,0x00000000f5580000)
 Metaspace       used 99102K, capacity 106009K, committed 106240K, reserved 1140736K
  class space    used 13035K, capacity 14479K, committed 14592K, reserved 1048576K
Event: 1068.150 GC heap after
Heap after GC invocations=66 (full 6):
 PSYoungGen      total 145920K, used 0K [0x00000000f5580000, 0x0000000100000000, 0x0000000100000000)
  eden space 121344K, 0% used [0x00000000f5580000,0x00000000f5580000,0x00000000fcc00000)
  from space 24576K, 0% used [0x00000000fcc00000,0x00000000fcc00000,0x00000000fe400000)
  to   space 28672K, 0% used [0x00000000fe400000,0x00000000fe400000,0x0000000100000000)
 ParOldGen       total 349696K, used 236442K [0x00000000e0000000, 0x00000000f5580000, 0x00000000f5580000)
  object space 349696K, 67% used [0x00000000e0000000,0x00000000ee6e68c8,0x00000000f5580000)
 Metaspace       used 98939K, capacity 105575K, committed 106240K, reserved 1140736K
  class space    used 12978K, capacity 14378K, committed 14592K, reserved 1048576K
}
Event: 1069.225 GC heap before
{Heap before GC invocations=67 (full 6):
 PSYoungGen      total 145920K, used 121344K [0x00000000f5580000, 0x0000000100000000, 0x0000000100000000)
  eden space 121344K, 100% used [0x00000000f5580000,0x00000000fcc00000,0x00000000fcc00000)
  from space 24576K, 0% used [0x00000000fcc00000,0x00000000fcc00000,0x00000000fe400000)
  to   space 28672K, 0% used [0x00000000fe400000,0x00000000fe400000,0x0000000100000000)
 ParOldGen       total 349696K, used 236442K [0x00000000e0000000, 0x00000000f5580000, 0x00000000f5580000)
  object space 349696K, 67% used [0x00000000e0000000,0x00000000ee6e68c8,0x00000000f5580000)
 Metaspace       used 99028K, capacity 105675K, committed 106240K, reserved 1140736K
  class space    used 12987K, capacity 14382K, committed 14592K, reserved 1048576K

Deoptimization events (10 events):
Event: 1068.163 Thread 0x000000001c467000 Uncommon trap: reason=unstable_if action=reinterpret pc=0x00000000051b696c method=java.lang.Integer.getChars(II[C)V @ 7
Event: 1068.163 Thread 0x000000001c467000 Uncommon trap: reason=bimorphic action=maybe_recompile pc=0x0000000004b16b9c method=org.gradle.util.GUtil.addToCollection(Ljava/util/Collection;Z[Ljava/lang/Iterable;)Ljava/util/Collection; @ 24
Event: 1068.175 Thread 0x0000000022011000 Uncommon trap: reason=bimorphic action=maybe_recompile pc=0x0000000003b0bbec method=org.gradle.internal.event.ListenerBroadcast.dispatch(Lorg/gradle/internal/dispatch/MethodInvocation;)V @ 5
Event: 1068.206 Thread 0x00000000221db800 Uncommon trap: reason=unstable_if action=reinterpret pc=0x0000000002f7daf8 method=com.android.tools.r8.n.a.a.a.g.f0.e(I)V @ 38
Event: 1068.249 Thread 0x0000000022011000 Uncommon trap: reason=bimorphic action=maybe_recompile pc=0x0000000003b0bbec method=org.gradle.internal.event.ListenerBroadcast.dispatch(Lorg/gradle/internal/dispatch/MethodInvocation;)V @ 5
Event: 1068.251 Thread 0x000000001c467000 Uncommon trap: reason=bimorphic action=maybe_recompile pc=0x0000000004b16b9c method=org.gradle.util.GUtil.addToCollection(Ljava/util/Collection;Z[Ljava/lang/Iterable;)Ljava/util/Collection; @ 24
Event: 1068.323 Thread 0x000000001c467000 Uncommon trap: reason=bimorphic action=maybe_recompile pc=0x0000000004b16b9c method=org.gradle.util.GUtil.addToCollection(Ljava/util/Collection;Z[Ljava/lang/Iterable;)Ljava/util/Collection; @ 24
Event: 1068.359 Thread 0x00000000221d9000 Uncommon trap: reason=class_check action=maybe_recompile pc=0x0000000005c3cc08 method=java.util.stream.SortedOps$SizedRefSortingSink.end()V @ 25
Event: 1068.608 Thread 0x00000000221d9000 Uncommon trap: reason=unstable_if action=reinterpret pc=0x00000000055e8590 method=java.util.concurrent.ConcurrentHashMap$Traverser.advance()Ljava/util/concurrent/ConcurrentHashMap$Node; @ 84
Event: 1068.608 Thread 0x00000000221d9000 Uncommon trap: reason=unstable_if action=reinterpret pc=0x000000000559c0b4 method=java.util.concurrent.ConcurrentHashMap$Traverser.advance()Ljava/util/concurrent/ConcurrentHashMap$Node; @ 84

Classes redefined (0 events):
No events

Internal exceptions (10 events):
Event: 1067.018 Thread 0x000000001c467000 Exception <a 'java/io/FileNotFoundException'> (0x00000000f72cec10) thrown at [C:\re\workspace\8-2-build-windows-amd64-cygwin\jdk8u211\12973\hotspot\src\share\vm\prims\jni.cpp, line 710]
Event: 1067.036 Thread 0x000000001c467000 Implicit null exception at 0x0000000002f1ed03 to 0x0000000002f1f265
Event: 1067.152 Thread 0x000000001c9b7000 Implicit null exception at 0x0000000002f6ed2f to 0x0000000002f6ee29
Event: 1067.152 Thread 0x000000001eda4000 Implicit null exception at 0x0000000002f6ed2f to 0x0000000002f6ee29
Event: 1067.152 Thread 0x000000001eda3800 Implicit null exception at 0x0000000002f6ed2f to 0x0000000002f6ee29
Event: 1067.152 Thread 0x000000001eda5800 Implicit null exception at 0x0000000002f6ed2f to 0x0000000002f6ee29
Event: 1067.152 Thread 0x000000001eda5000 Implicit null exception at 0x0000000002f6ed2f to 0x0000000002f6ee29
Event: 1067.152 Thread 0x000000001eda0800 Implicit null exception at 0x0000000002f6ed2f to 0x0000000002f6ee29
Event: 1067.152 Thread 0x000000001eda1000 Implicit null exception at 0x0000000002f6ed2f to 0x0000000002f6ee29
Event: 1067.152 Thread 0x00000000221db800 Implicit null exception at 0x0000000002f6ed2f to 0x0000000002f6ee29

Events (10 events):
Event: 1069.078 Executing VM operation: RevokeBias done
Event: 1069.078 Executing VM operation: RevokeBias
Event: 1069.079 Executing VM operation: RevokeBias done
Event: 1069.144 Executing VM operation: RevokeBias
Event: 1069.145 Executing VM operation: RevokeBias done
Event: 1069.145 Executing VM operation: RevokeBias
Event: 1069.146 Executing VM operation: RevokeBias done
Event: 1069.146 Executing VM operation: RevokeBias
Event: 1069.146 Executing VM operation: RevokeBias done
Event: 1069.224 Executing VM operation: ParallelGCFailedAllocation


Dynamic libraries:
0x00007ff703590000 - 0x00007ff7035c7000 	C:\Program Files\Java\jdk1.8.0_211\bin\java.exe
0x00007ffa22500000 - 0x00007ffa226f0000 	C:\Windows\SYSTEM32\ntdll.dll
0x00007ffa10c60000 - 0x00007ffa10c73000 	C:\Program Files\AVAST Software\Avast\aswhook.dll
0x00007ffa223a0000 - 0x00007ffa22452000 	C:\Windows\System32\KERNEL32.DLL
0x00007ffa1f9c0000 - 0x00007ffa1fc64000 	C:\Windows\System32\KERNELBASE.dll
0x00007ffa206d0000 - 0x00007ffa20773000 	C:\Windows\System32\ADVAPI32.dll
0x00007ffa22040000 - 0x00007ffa220de000 	C:\Windows\System32\msvcrt.dll
0x00007ffa20b90000 - 0x00007ffa20c27000 	C:\Windows\System32\sechost.dll
0x00007ffa22280000 - 0x00007ffa223a0000 	C:\Windows\System32\RPCRT4.dll
0x00007ffa220e0000 - 0x00007ffa22274000 	C:\Windows\System32\USER32.dll
0x00007ffa1f750000 - 0x00007ffa1f771000 	C:\Windows\System32\win32u.dll
0x00007ffa216d0000 - 0x00007ffa216f6000 	C:\Windows\System32\GDI32.dll
0x00007ffa1f780000 - 0x00007ffa1f916000 	C:\Windows\System32\gdi32full.dll
0x00007ffa1f920000 - 0x00007ffa1f9be000 	C:\Windows\System32\msvcp_win.dll
0x00007ffa20460000 - 0x00007ffa2055a000 	C:\Windows\System32\ucrtbase.dll
0x00007ffa06c50000 - 0x00007ffa06ed4000 	C:\Windows\WinSxS\amd64_microsoft.windows.common-controls_6595b64144ccf1df_6.0.18362.959_none_e6c7bbbf130c62bb\COMCTL32.dll
0x00007ffa20ca0000 - 0x00007ffa20fd5000 	C:\Windows\System32\combase.dll
0x00007ffa1f480000 - 0x00007ffa1f500000 	C:\Windows\System32\bcryptPrimitives.dll
0x00007ffa21900000 - 0x00007ffa2192e000 	C:\Windows\System32\IMM32.DLL
0x000000006e230000 - 0x000000006e302000 	C:\Program Files\Java\jdk1.8.0_211\jre\bin\msvcr100.dll
0x000000006d980000 - 0x000000006e225000 	C:\Program Files\Java\jdk1.8.0_211\jre\bin\server\jvm.dll
0x00007ffa20850000 - 0x00007ffa20858000 	C:\Windows\System32\PSAPI.DLL
0x00007ffa17f00000 - 0x00007ffa17f09000 	C:\Windows\SYSTEM32\WSOCK32.dll
0x00007ffa20c30000 - 0x00007ffa20c9f000 	C:\Windows\System32\WS2_32.dll
0x00007ffa18ac0000 - 0x00007ffa18ae4000 	C:\Windows\SYSTEM32\WINMM.dll
0x00007ffa1a0e0000 - 0x00007ffa1a0ea000 	C:\Windows\SYSTEM32\VERSION.dll
0x00007ffa18a90000 - 0x00007ffa18abd000 	C:\Windows\SYSTEM32\WINMMBASE.dll
0x00007ffa1f650000 - 0x00007ffa1f69a000 	C:\Windows\System32\cfgmgr32.dll
0x00007ffa114b0000 - 0x00007ffa114bf000 	C:\Program Files\Java\jdk1.8.0_211\jre\bin\verify.dll
0x00007ffa11480000 - 0x00007ffa114a9000 	C:\Program Files\Java\jdk1.8.0_211\jre\bin\java.dll
0x00007ffa09bb0000 - 0x00007ffa09bc6000 	C:\Program Files\Java\jdk1.8.0_211\jre\bin\zip.dll
0x00007ffa20fe0000 - 0x00007ffa216c6000 	C:\Windows\System32\SHELL32.dll
0x00007ffa20620000 - 0x00007ffa206c9000 	C:\Windows\System32\shcore.dll
0x00007ffa1fcd0000 - 0x00007ffa20452000 	C:\Windows\System32\windows.storage.dll
0x00007ffa1f3c0000 - 0x00007ffa1f3e3000 	C:\Windows\System32\profapi.dll
0x00007ffa1f430000 - 0x00007ffa1f47a000 	C:\Windows\System32\powrprof.dll
0x00007ffa1f3b0000 - 0x00007ffa1f3c0000 	C:\Windows\System32\UMPDC.dll
0x00007ffa20ad0000 - 0x00007ffa20b22000 	C:\Windows\System32\shlwapi.dll
0x00007ffa1f410000 - 0x00007ffa1f421000 	C:\Windows\System32\kernel.appcore.dll
0x00007ffa20560000 - 0x00007ffa20577000 	C:\Windows\System32\cryptsp.dll
0x00007ffa059e0000 - 0x00007ffa059fa000 	C:\Program Files\Java\jdk1.8.0_211\jre\bin\net.dll
0x00007ffa0e910000 - 0x00007ffa0eae6000 	C:\Windows\SYSTEM32\urlmon.dll
0x00007ffa0ec50000 - 0x00007ffa0eef6000 	C:\Windows\SYSTEM32\iertutil.dll
0x00007ffa1ed50000 - 0x00007ffa1ed5c000 	C:\Windows\SYSTEM32\CRYPTBASE.DLL
0x00007ffa1ebd0000 - 0x00007ffa1ec37000 	C:\Windows\system32\mswsock.dll
0x00007ffa050c0000 - 0x00007ffa050d2000 	C:\Program Files\Java\jdk1.8.0_211\jre\bin\nio.dll
0x00007ffa04ea0000 - 0x00007ffa04ec6000 	C:\Users\PC\.gradle\native\30\windows-amd64\native-platform.dll
0x00007ffa09be0000 - 0x00007ffa09bed000 	C:\Program Files\Java\jdk1.8.0_211\jre\bin\management.dll
0x00007ffa1e750000 - 0x00007ffa1e783000 	C:\Windows\system32\rsaenh.dll
0x00007ffa20580000 - 0x00007ffa205a6000 	C:\Windows\System32\bcrypt.dll
0x00007ffa1f2d0000 - 0x00007ffa1f2f5000 	C:\Windows\SYSTEM32\USERENV.dll
0x00007ffa1e8f0000 - 0x00007ffa1e92a000 	C:\Windows\SYSTEM32\IPHLPAPI.DLL
0x00007ffa21bb0000 - 0x00007ffa21bb8000 	C:\Windows\System32\NSI.dll
0x00007ffa1b630000 - 0x00007ffa1b646000 	C:\Windows\SYSTEM32\dhcpcsvc6.DLL
0x00007ffa1b610000 - 0x00007ffa1b62c000 	C:\Windows\SYSTEM32\dhcpcsvc.DLL
0x00007ffa1e930000 - 0x00007ffa1e9fb000 	C:\Windows\SYSTEM32\DNSAPI.dll
0x00007ffa1d500000 - 0x00007ffa1d58f000 	C:\Windows\system32\apphelp.dll

VM Arguments:
jvm_args: -XX:MaxMetaspaceSize=256m -XX:+HeapDumpOnOutOfMemoryError -Xms256m -Xmx512m -Dfile.encoding=windows-1252 -Duser.country=CR -Duser.language=es -Duser.variant 
java_command: org.gradle.launcher.daemon.bootstrap.GradleDaemon 6.0.1
java_class_path (initial): C:\Users\PC\.gradle\wrapper\dists\gradle-6.0.1-all\99d3u8wxs16ndehh90lbbir67\gradle-6.0.1\lib\gradle-launcher-6.0.1.jar
Launcher Type: SUN_STANDARD

Environment Variables:
JAVA_HOME=C:\Program Files\Java\jdk1.8.0_211
CLASSPATH=C:\Users\PC\Desktop\PetCr\PetCr\android\\gradle\wrapper\gradle-wrapper.jar
PATH=C:\Users\PC\Desktop\PetCr\PetCr\android\node_modules\.bin;C:\Users\PC\Desktop\PetCr\PetCr\node_modules\.bin;C:\Users\PC\Desktop\PetCr\node_modules\.bin;C:\Users\PC\Desktop\node_modules\.bin;C:\Users\PC\node_modules\.bin;C:\Users\node_modules\.bin;C:\node_modules\.bin;C:\Program Files\nodejs;C:\Users\PC\Desktop\PetCr\PetCr\node_modules\.bin;C:\Python27\;C:\Python27\Scripts;C:\Windows\system32;C:\Windows;C:\Windows\System32\Wbem;C:\Windows\System32\WindowsPowerShell\v1.0\;C:\Windows\System32\OpenSSH\;C:\Program Files\Git\cmd;C:\ProgramData\chocolatey\bin;C:\Program Files\nodejs\;C:\Program Files\Java\jdk1.8.0_211\bin;C:\Users\PC\AppData\Local\Programs\Python\Python38-32\Scripts\;C:\Users\PC\AppData\Local\Programs\Python\Python38-32\;C:\Users\PC\AppData\Local\Microsoft\WindowsApps;C:\Users\PC\AppData\Local\Programs\Microsoft VS Code\bin;C:\Program Files\heroku\bin;C:\Users\PC\AppData\Local\GitHubDesktop\bin;C:\Users\PC\AppData\Roaming\npm
USERNAME=PC
OS=Windows_NT
PROCESSOR_IDENTIFIER=AMD64 Family 23 Model 1 Stepping 1, AuthenticAMD



---------------  S Y S T E M  ---------------

OS: Windows 10.0 , 64 bit Build 18362 (10.0.18362.959)

CPU:total 12 (initial active 12) (12 cores per cpu, 1 threads per core) family 23 model 1 stepping 1, cmov, cx8, fxsr, mmx, sse, sse2, sse3, ssse3, sse4.1, sse4.2, popcnt, avx, avx2, aes, clmul, mmxext, 3dnowpref, lzcnt, sse4a, tsc, tscinvbit, tscinv, bmi1

Memory: 4k page, physical 16728656k(4183076k free), swap 23282256k(5141000k free)

vm_info: Java HotSpot(TM) 64-Bit Server VM (25.211-b12) for windows-amd64 JRE (1.8.0_211-b12), built on Apr  1 2019 20:53:26 by "java_re" with MS VC++ 10.0 (VS2010)

time: Thu Jul 16 16:35:28 2020
timezone: Hora estándar, América Central
elapsed time: 1069 seconds (0d 0h 17m 49s)

