#
# A fatal error has been detected by the Java Runtime Environment:
#
#  EXCEPTION_ACCESS_VIOLATION (0xc0000005) at pc=0x000000006da9523a, pid=6416, tid=0x0000000000000694
#
# JRE version: Java(TM) SE Runtime Environment (8.0_211-b12) (build 1.8.0_211-b12)
# Java VM: Java HotSpot(TM) 64-Bit Server VM (25.211-b12 mixed mode windows-amd64 compressed oops)
# Problematic frame:
# V  [jvm.dll+0x11523a]
#
# Failed to write core dump. Minidumps are not enabled by default on client versions of Windows
#
# If you would like to submit a bug report, please visit:
#   http://bugreport.java.com/bugreport/crash.jsp
#

---------------  T H R E A D  ---------------

Current thread (0x0000000003005000):  GCTaskThread [stack: 0x0000000012cb0000,0x0000000012db0000] [id=1684]

siginfo: ExceptionCode=0xc0000005, reading address 0x0000000000000002

Registers:
RAX=0x000000006df88218, RBX=0x00000000e1fb94c0, RCX=0x0000000014a553a0, RDX=0x0000000000000002
RSP=0x0000000012daf7a0, RBP=0x0000000023128360, RSI=0x0000000014a553a0, RDI=0x0000000014a553a0
R8 =0x0000000003005580, R9 =0x0000000000000002, R10=0x000000000000000c, R11=0x000000006df87728
R12=0x0000000003005580, R13=0x0000000003005958, R14=0x00000000000003d8, R15=0x0000000000000000
RIP=0x000000006da9523a, EFLAGS=0x0000000000010206

Top of Stack: (sp=0x0000000012daf7a0)
0x0000000012daf7a0:   0000000014a553a0 000000006da9530a
0x0000000012daf7b0:   0000000100008d98 00000000e1fe604c
0x0000000012daf7c0:   0000000014a553a0 000000006dabb6d3
0x0000000012daf7d0:   00000000e1fb94c0 00000000000003d8
0x0000000012daf7e0:   0000000003005958 0000000002ffca30
0x0000000012daf7f0:   0000000002ffca30 000000006dd7b860
0x0000000012daf800:   00000000000019d0 0000000014a553a0
0x0000000012daf810:   0000000014a553a0 0000000003005580
0x0000000012daf820:   00002332000017cf 0000000000000c00
0x0000000012daf830:   0000000000000000 0000000000000000
0x0000000012daf840:   0000000000000000 000000001d90b000
0x0000000012daf850:   0000000000000001 000000006dd83f01
0x0000000012daf860:   00005ba8600241e0 0000000003005958
0x0000000012daf870:   0000000003005580 00000000000003d8
0x0000000012daf880:   0000000003005580 0000000002ffca30
0x0000000012daf890:   0000000003005570 0000000023128360 

Instructions: (pc=0x000000006da9523a)
0x000000006da9521a:   83 c4 28 c3 48 83 c1 60 e8 69 c7 ff ff 48 83 c4
0x000000006da9522a:   28 c3 cc cc cc cc 48 89 5c 24 08 57 48 83 ec 20
0x000000006da9523a:   48 8b 02 48 8b f9 48 8b ca ff 90 b0 00 00 00 48
0x000000006da9524a:   8b d8 48 85 c0 74 4d 8b 0d 61 a4 6b 00 4c 8b c0 


Register to memory mapping:

RAX=0x000000006df88218 is an unknown value
RBX=0x00000000e1fb94c0 is an oop
[Ljava.lang.Class; 
 - klass: 'java/lang/Class'[]
 - length: 0
RCX=0x0000000014a553a0 is an unknown value
RDX=0x0000000000000002 is an unknown value
RSP=0x0000000012daf7a0 is an unknown value
RBP=0x0000000023128360 is an unknown value
RSI=0x0000000014a553a0 is an unknown value
RDI=0x0000000014a553a0 is an unknown value
R8 =0x0000000003005580 is an unknown value
R9 =0x0000000000000002 is an unknown value
R10=0x000000000000000c is an unknown value
R11=0x000000006df87728 is an unknown value
R12=0x0000000003005580 is an unknown value
R13=0x0000000003005958 is an unknown value
R14=0x00000000000003d8 is an unknown value
R15=0x0000000000000000 is an unknown value


Stack: [0x0000000012cb0000,0x0000000012db0000],  sp=0x0000000012daf7a0,  free space=1021k
Native frames: (J=compiled Java code, j=interpreted, Vv=VM code, C=native code)
V  [jvm.dll+0x11523a]
V  [jvm.dll+0x13b6d3]
V  [jvm.dll+0x3fb860]
V  [jvm.dll+0x3f88b3]
V  [jvm.dll+0x3f670e]
V  [jvm.dll+0x29fc6a]
C  [msvcr100.dll+0x21d9f]
C  [msvcr100.dll+0x21e3b]
C  [KERNEL32.DLL+0x17bd4]
C  [ntdll.dll+0x6ce51]


---------------  P R O C E S S  ---------------

Java Threads: ( => current thread )
  0x0000000032d26800 JavaThread "WorkerExecutor Queue Thread 24" [_thread_blocked, id=724, stack(0x0000000037fa0000,0x00000000380a0000)]
  0x0000000032d25800 JavaThread "WorkerExecutor Queue Thread 23" [_thread_blocked, id=7336, stack(0x0000000037d30000,0x0000000037e30000)]
  0x0000000032d25000 JavaThread "ForkJoinPool.commonPool-worker-3" daemon [_thread_blocked, id=5248, stack(0x0000000037c30000,0x0000000037d30000)]
  0x0000000032d1f800 JavaThread "ForkJoinPool.commonPool-worker-10" daemon [_thread_blocked, id=13340, stack(0x0000000037b30000,0x0000000037c30000)]
  0x0000000032d24000 JavaThread "ForkJoinPool.commonPool-worker-1" daemon [_thread_blocked, id=13868, stack(0x0000000037a30000,0x0000000037b30000)]
  0x0000000032d22000 JavaThread "ForkJoinPool.commonPool-worker-8" daemon [_thread_blocked, id=6424, stack(0x0000000037930000,0x0000000037a30000)]
  0x0000000032d20800 JavaThread "ForkJoinPool.commonPool-worker-15" daemon [_thread_blocked, id=3104, stack(0x0000000037830000,0x0000000037930000)]
  0x0000000032d21000 JavaThread "ForkJoinPool.commonPool-worker-6" daemon [_thread_blocked, id=6316, stack(0x0000000037730000,0x0000000037830000)]
  0x0000000032d22800 JavaThread "ForkJoinPool.commonPool-worker-13" daemon [_thread_blocked, id=11732, stack(0x000000002e760000,0x000000002e860000)]
  0x0000000032d23800 JavaThread "ForkJoinPool.commonPool-worker-4" daemon [_thread_blocked, id=13104, stack(0x000000002e660000,0x000000002e760000)]
  0x000000001d905800 JavaThread "ForkJoinPool.commonPool-worker-11" daemon [_thread_blocked, id=2172, stack(0x000000002d550000,0x000000002d650000)]
  0x0000000023281000 JavaThread "ForkJoinPool.commonPool-worker-2" daemon [_thread_blocked, id=15108, stack(0x000000002d450000,0x000000002d550000)]
  0x000000002327f000 JavaThread "ForkJoinPool.commonPool-worker-9" daemon [_thread_blocked, id=11804, stack(0x000000002d350000,0x000000002d450000)]
  0x000000002327c800 JavaThread "WorkerExecutor Queue Thread 22" [_thread_blocked, id=12132, stack(0x000000002d250000,0x000000002d350000)]
  0x000000002327a000 JavaThread "WorkerExecutor Queue Thread 21" [_thread_blocked, id=14396, stack(0x000000002b1a0000,0x000000002b2a0000)]
  0x0000000023280800 JavaThread "WorkerExecutor Queue Thread 20" [_thread_blocked, id=12820, stack(0x000000002b0a0000,0x000000002b1a0000)]
  0x000000002327b000 JavaThread "WorkerExecutor Queue Thread 19" [_thread_blocked, id=5760, stack(0x000000002a4c0000,0x000000002a5c0000)]
  0x000000002327e000 JavaThread "WorkerExecutor Queue Thread 18" [_thread_blocked, id=2852, stack(0x00000000290c0000,0x00000000291c0000)]
  0x000000002327f800 JavaThread "WorkerExecutor Queue Thread 17" [_thread_blocked, id=9036, stack(0x0000000028980000,0x0000000028a80000)]
  0x00000000229b5000 JavaThread "WorkerExecutor Queue Thread 16" [_thread_blocked, id=9200, stack(0x0000000027880000,0x0000000027980000)]
  0x00000000229ad800 JavaThread "WorkerExecutor Queue Thread 15" [_thread_blocked, id=16172, stack(0x0000000027580000,0x0000000027680000)]
  0x00000000229b3800 JavaThread "WorkerExecutor Queue Thread 14" [_thread_blocked, id=9132, stack(0x0000000027380000,0x0000000027480000)]
  0x00000000229b2000 JavaThread "WorkerExecutor Queue Thread 13" [_thread_blocked, id=12060, stack(0x0000000027030000,0x0000000027130000)]
  0x00000000229a8800 JavaThread "WorkerExecutor Queue Thread 10" [_thread_blocked, id=15432, stack(0x000000002a6c0000,0x000000002a7c0000)]
  0x00000000229af000 JavaThread "Cache worker for Java compile cache (C:\Users\PC\Desktop\PetCr\PetCr\android\.gradle\6.0.1\javaCompile)" [_thread_blocked, id=12828, stack(0x000000002a5c0000,0x000000002a6c0000)]
  0x00000000229aa800 JavaThread "stdout" [_thread_in_native, id=9072, stack(0x000000002a3c0000,0x000000002a4c0000)]
  0x00000000229ae800 JavaThread "stderr" [_thread_in_native, id=14788, stack(0x000000002a2c0000,0x000000002a3c0000)]
  0x00000000229ad000 JavaThread "stdout" [_thread_in_native, id=1480, stack(0x000000002a1c0000,0x000000002a2c0000)]
  0x00000000229aa000 JavaThread "stderr" [_thread_in_native, id=7960, stack(0x000000002a0c0000,0x000000002a1c0000)]
  0x00000000229a9000 JavaThread "stdout" [_thread_in_native, id=13504, stack(0x0000000029fc0000,0x000000002a0c0000)]
  0x00000000229ac000 JavaThread "stderr" [_thread_in_native, id=12928, stack(0x0000000029ec0000,0x0000000029fc0000)]
  0x00000000229ab800 JavaThread "stdout" [_thread_in_native, id=7988, stack(0x0000000029dc0000,0x0000000029ec0000)]
  0x0000000023282800 JavaThread "stderr" [_thread_in_native, id=7820, stack(0x0000000029cc0000,0x0000000029dc0000)]
  0x0000000023283800 JavaThread "stdout" [_thread_in_native, id=11780, stack(0x0000000029bc0000,0x0000000029cc0000)]
  0x0000000023287000 JavaThread "stderr" [_thread_in_native, id=14352, stack(0x0000000029ac0000,0x0000000029bc0000)]
  0x0000000023289800 JavaThread "stdout" [_thread_in_native, id=15328, stack(0x00000000299c0000,0x0000000029ac0000)]
  0x0000000023286800 JavaThread "stderr" [_thread_in_native, id=11204, stack(0x00000000298c0000,0x00000000299c0000)]
  0x0000000023285800 JavaThread "stdout" [_thread_in_native, id=9536, stack(0x00000000297c0000,0x00000000298c0000)]
  0x0000000023288800 JavaThread "stderr" [_thread_in_native, id=14596, stack(0x00000000296c0000,0x00000000297c0000)]
  0x0000000023285000 JavaThread "stdout" [_thread_in_native, id=6036, stack(0x00000000295c0000,0x00000000296c0000)]
  0x0000000023284000 JavaThread "stderr" [_thread_in_native, id=8836, stack(0x00000000294c0000,0x00000000295c0000)]
  0x0000000023288000 JavaThread "pool-12-thread-1" [_thread_blocked, id=3436, stack(0x00000000293c0000,0x00000000294c0000)]
  0x000000001d907000 JavaThread "Cache worker for execution history cache (C:\Users\PC\Desktop\PetCr\PetCr\android\.gradle\6.0.1\executionHistory)" [_thread_blocked, id=15500, stack(0x0000000025d00000,0x0000000025e00000)]
  0x000000001d90c800 JavaThread "Execution worker for ':' Thread 11" [_thread_blocked, id=348, stack(0x0000000026b30000,0x0000000026c30000)]
  0x000000001d90b000 JavaThread "Execution worker for ':' Thread 10" [_thread_blocked, id=3936, stack(0x0000000026620000,0x0000000026720000)]
  0x000000001d90b800 JavaThread "Execution worker for ':' Thread 9" [_thread_blocked, id=10816, stack(0x0000000026520000,0x0000000026620000)]
  0x000000001d906800 JavaThread "Execution worker for ':' Thread 8" [_thread_blocked, id=4344, stack(0x0000000026420000,0x0000000026520000)]
  0x000000001d908800 JavaThread "Execution worker for ':' Thread 7" [_thread_blocked, id=9180, stack(0x0000000026320000,0x0000000026420000)]
  0x000000001d8ff000 JavaThread "Execution worker for ':' Thread 6" [_thread_blocked, id=15656, stack(0x0000000026220000,0x0000000026320000)]
  0x000000001d8fe000 JavaThread "Execution worker for ':' Thread 5" [_thread_blocked, id=2228, stack(0x0000000026120000,0x0000000026220000)]
  0x000000001d905000 JavaThread "Execution worker for ':' Thread 4" [_thread_blocked, id=92, stack(0x0000000026020000,0x0000000026120000)]
  0x000000001d8fd800 JavaThread "Execution worker for ':' Thread 3" [_thread_blocked, id=9560, stack(0x0000000025f20000,0x0000000026020000)]
  0x000000001d904000 JavaThread "Execution worker for ':' Thread 2" [_thread_blocked, id=9892, stack(0x0000000025e20000,0x0000000025f20000)]
  0x000000001d903800 JavaThread "Execution worker for ':'" [_thread_blocked, id=7124, stack(0x0000000025800000,0x0000000025900000)]
  0x000000001d902000 JavaThread "Cache worker for file content cache (C:\Users\PC\Desktop\PetCr\PetCr\android\.gradle\6.0.1\fileContent)" [_thread_blocked, id=8496, stack(0x0000000025500000,0x0000000025600000)]
  0x000000001d902800 JavaThread "Cache worker for Build Output Cleanup Cache (C:\Users\PC\Desktop\PetCr\PetCr\android\.gradle\buildOutputCleanup)" [_thread_blocked, id=14864, stack(0x0000000023d30000,0x0000000023e30000)]
  0x000000001f033000 JavaThread "Build operations Thread 12" [_thread_blocked, id=12092, stack(0x00000000238d0000,0x00000000239d0000)]
  0x000000001f032800 JavaThread "Build operations Thread 11" [_thread_blocked, id=15424, stack(0x0000000021e00000,0x0000000021f00000)]
  0x000000001f031800 JavaThread "Build operations Thread 10" [_thread_blocked, id=16192, stack(0x0000000021d00000,0x0000000021e00000)]
  0x000000001f02a000 JavaThread "Build operations Thread 9" [_thread_blocked, id=14496, stack(0x0000000021c00000,0x0000000021d00000)]
  0x000000001f031000 JavaThread "Build operations Thread 8" [_thread_blocked, id=9144, stack(0x0000000021b00000,0x0000000021c00000)]
  0x000000001f030000 JavaThread "Build operations Thread 7" [_thread_blocked, id=15672, stack(0x0000000021400000,0x0000000021500000)]
  0x000000001f02f800 JavaThread "Build operations Thread 6" [_thread_blocked, id=3400, stack(0x0000000020d00000,0x0000000020e00000)]
  0x000000001f028000 JavaThread "Build operations Thread 5" [_thread_blocked, id=11364, stack(0x0000000020c00000,0x0000000020d00000)]
  0x000000001f029800 JavaThread "Build operations Thread 4" [_thread_blocked, id=1144, stack(0x0000000020b00000,0x0000000020c00000)]
  0x000000001f02e800 JavaThread "Build operations Thread 3" [_thread_blocked, id=8104, stack(0x0000000020a00000,0x0000000020b00000)]
  0x000000001f028800 JavaThread "Build operations Thread 2" [_thread_blocked, id=4816, stack(0x0000000020900000,0x0000000020a00000)]
  0x000000001f026800 JavaThread "Build operations" [_thread_blocked, id=7520, stack(0x0000000020800000,0x0000000020900000)]
  0x000000001f025800 JavaThread "Cache worker for cache directory md-rule (C:\Users\PC\.gradle\caches\6.0.1\md-rule)" [_thread_blocked, id=13940, stack(0x0000000020500000,0x0000000020600000)]
  0x000000001f02c800 JavaThread "Cache worker for cache directory md-supplier (C:\Users\PC\.gradle\caches\6.0.1\md-supplier)" [_thread_blocked, id=13400, stack(0x0000000020400000,0x0000000020500000)]
  0x000000001f025000 JavaThread "Cache worker for file hash cache (C:\Users\PC\Desktop\PetCr\PetCr\android\.gradle\6.0.1\fileHashes)" [_thread_blocked, id=8164, stack(0x000000001fe00000,0x000000001ff00000)]
  0x000000001f02b800 JavaThread "Thread-281" [_thread_blocked, id=9056, stack(0x000000001fd00000,0x000000001fe00000)]
  0x000000001f02b000 JavaThread "Stdin handler" [_thread_blocked, id=15452, stack(0x000000001dde0000,0x000000001dee0000)]
  0x0000000019cb7800 JavaThread "Asynchronous log dispatcher for DefaultDaemonConnection: socket connection from /127.0.0.1:52747 to /127.0.0.1:54530" [_thread_blocked, id=15868, stack(0x000000001b840000,0x000000001b940000)]
  0x0000000019cb6800 JavaThread "Daemon worker Thread 11" [_thread_blocked, id=4864, stack(0x000000001b340000,0x000000001b440000)]
  0x0000000019cb6000 JavaThread "Cancel handler" [_thread_blocked, id=14244, stack(0x000000001b140000,0x000000001b240000)]
  0x0000000019cb4800 JavaThread "Handler for socket connection from /127.0.0.1:52747 to /127.0.0.1:54530" [_thread_in_native, id=5400, stack(0x000000001b040000,0x000000001b140000)]
  0x0000000019cb3800 JavaThread "Daemon Thread 11" [_thread_blocked, id=12468, stack(0x000000001af40000,0x000000001b040000)]
  0x000000001f024000 JavaThread "Cache worker for Java compile cache (C:\Users\PC\.gradle\caches\6.0.1\javaCompile)" [_thread_blocked, id=13628, stack(0x0000000027480000,0x0000000027580000)]
  0x000000001d90a000 JavaThread "Cache worker for file content cache (C:\Users\PC\.gradle\caches\6.0.1\fileContent)" [_thread_blocked, id=2924, stack(0x0000000025400000,0x0000000025500000)]
  0x000000001d908000 JavaThread "Memory manager" [_thread_blocked, id=1268, stack(0x0000000023a30000,0x0000000023b30000)]
  0x0000000019cb8000 JavaThread "Cache worker for execution history cache (C:\Users\PC\.gradle\caches\6.0.1\executionHistory)" [_thread_blocked, id=5336, stack(0x000000001ff00000,0x0000000020000000)]
  0x0000000019cb5000 JavaThread "Cache worker for journal cache (C:\Users\PC\.gradle\caches\journal-1)" [_thread_blocked, id=14532, stack(0x000000001bb40000,0x000000001bc40000)]
  0x0000000019cb3000 JavaThread "File lock request listener" [_thread_in_native, id=11108, stack(0x000000001ba40000,0x000000001bb40000)]
  0x0000000019cb2000 JavaThread "Cache worker for file hash cache (C:\Users\PC\.gradle\caches\6.0.1\fileHashes)" [_thread_blocked, id=12532, stack(0x000000001b940000,0x000000001ba40000)]
  0x0000000019ac3800 JavaThread "Daemon periodic checks" [_thread_blocked, id=824, stack(0x000000001ae40000,0x000000001af40000)]
  0x0000000019abb800 JavaThread "Incoming local TCP Connector on port 52747" [_thread_in_native, id=14112, stack(0x000000001abd0000,0x000000001acd0000)]
  0x00000000199e6000 JavaThread "Daemon health stats" [_thread_blocked, id=3888, stack(0x000000001a590000,0x000000001a690000)]
  0x000000001621e800 JavaThread "Service Thread" daemon [_thread_blocked, id=14420, stack(0x0000000017bf0000,0x0000000017cf0000)]
  0x0000000016194000 JavaThread "C1 CompilerThread3" daemon [_thread_blocked, id=12068, stack(0x0000000017af0000,0x0000000017bf0000)]
  0x0000000016192000 JavaThread "C2 CompilerThread2" daemon [_thread_blocked, id=11104, stack(0x00000000179f0000,0x0000000017af0000)]
  0x000000001618c000 JavaThread "C2 CompilerThread1" daemon [_thread_blocked, id=3504, stack(0x00000000178f0000,0x00000000179f0000)]
  0x000000001617f800 JavaThread "C2 CompilerThread0" daemon [_thread_blocked, id=10620, stack(0x00000000177f0000,0x00000000178f0000)]
  0x000000001617a000 JavaThread "Attach Listener" daemon [_thread_blocked, id=6556, stack(0x00000000176f0000,0x00000000177f0000)]
  0x0000000016179000 JavaThread "Signal Dispatcher" daemon [_thread_blocked, id=13668, stack(0x00000000175f0000,0x00000000176f0000)]
  0x00000000030dc000 JavaThread "Finalizer" daemon [_thread_blocked, id=14964, stack(0x00000000173d0000,0x00000000174d0000)]
  0x0000000014a9d800 JavaThread "Reference Handler" daemon [_thread_blocked, id=772, stack(0x00000000172d0000,0x00000000173d0000)]
  0x0000000002ede800 JavaThread "main" [_thread_blocked, id=4496, stack(0x0000000002ee0000,0x0000000002fe0000)]

Other Threads:
  0x0000000014a96800 VMThread [stack: 0x00000000171d0000,0x00000000172d0000] [id=13492]
  0x0000000016231800 WatcherThread [stack: 0x0000000017cf0000,0x0000000017df0000] [id=3100]

=>0x0000000003005000 (exited) GCTaskThread [stack: 0x0000000012cb0000,0x0000000012db0000] [id=1684]

VM state:at safepoint (normal execution)

VM Mutex/Monitor currently owned by a thread:  ([mutex/lock_event])
[0x0000000002edd520] Threads_lock - owner thread: 0x0000000014a96800
[0x0000000002fe0450] Heap_lock - owner thread: 0x0000000032d22800

heap address: 0x00000000e0000000, size: 512 MB, Compressed Oops mode: 32-bit
Narrow klass base: 0x0000000000000000, Narrow klass shift: 3
Compressed class space size: 1073741824 Address: 0x0000000100000000

Heap:
 PSYoungGen      total 134144K, used 17034K [0x00000000f5580000, 0x0000000100000000, 0x0000000100000000)
  eden space 93696K, 0% used [0x00000000f5580000,0x00000000f5580000,0x00000000fb100000)
  from space 40448K, 42% used [0x00000000fb100000,0x00000000fc1a28c0,0x00000000fd880000)
  to   space 38400K, 0% used [0x00000000fda80000,0x00000000fda80000,0x0000000100000000)
 ParOldGen       total 349696K, used 342832K [0x00000000e0000000, 0x00000000f5580000, 0x00000000f5580000)
  object space 349696K, 98% used [0x00000000e0000000,0x00000000f4ecc348,0x00000000f5580000)
 Metaspace       used 107717K, capacity 114708K, committed 115200K, reserved 1148928K
  class space    used 13731K, capacity 15136K, committed 15360K, reserved 1048576K

Card table byte_map: [0x00000000124a0000,0x00000000125b0000] byte_map_base: 0x0000000011da0000

Marking Bits: (ParMarkBitMap*) 0x000000006e1a5ce0
 Begin Bits: [0x0000000012fb0000, 0x00000000137b0000)
 End Bits:   [0x00000000137b0000, 0x0000000013fb0000)

Polling page: 0x0000000000fe0000

CodeCache: size=245760Kb used=88384Kb max_used=89364Kb free=157375Kb
 bounds [0x00000000030e0000, 0x00000000088a0000, 0x00000000120e0000]
 total_blobs=24828 nmethods=23913 adapters=825
 compilation: enabled

Compilation events (10 events):
Event: 3869.987 Thread 0x0000000016194000 31518       2       com.android.builder.dexing.DirectoryBasedClassFileInput::lambda$entries$0 (13 bytes)
Event: 3869.987 Thread 0x0000000016194000 nmethod 31518 0x0000000005b55090 code [0x0000000005b55200, 0x0000000005b55398]
Event: 3869.987 Thread 0x0000000016194000 31514       1       com.android.builder.dexing.FileBasedClassFileEntry::getInput (5 bytes)
Event: 3869.987 Thread 0x0000000016194000 nmethod 31514 0x0000000008746250 code [0x00000000087463a0, 0x00000000087464b0]
Event: 3869.987 Thread 0x0000000016194000 31515       1       com.android.builder.dexing.DirectoryBasedClassFileInput::getPath (5 bytes)
Event: 3869.987 Thread 0x0000000016194000 nmethod 31515 0x0000000005b54dd0 code [0x0000000005b54f20, 0x0000000005b55030]
Event: 3869.987 Thread 0x0000000016194000 31512       1       com.android.build.gradle.internal.transforms.DexArchiveBuilderTransform::lambda$launchProcessing$8 (2 bytes)
Event: 3869.987 Thread 0x0000000016194000 nmethod 31512 0x0000000005b54a50 code [0x0000000005b54ba0, 0x0000000005b54c90]
Event: 3869.987 Thread 0x0000000016194000 31513       1       com.android.builder.dexing.FileBasedClassFileEntry::getRelativePath (5 bytes)
Event: 3869.987 Thread 0x0000000016194000 nmethod 31513 0x00000000086d9750 code [0x00000000086d98a0, 0x00000000086d99b0]

GC Heap History (10 events):
Event: 3869.324 GC heap after
Heap after GC invocations=161 (full 8):
 PSYoungGen      total 161280K, used 7987K [0x00000000f5580000, 0x0000000100000000, 0x0000000100000000)
  eden space 147968K, 0% used [0x00000000f5580000,0x00000000f5580000,0x00000000fe600000)
  from space 13312K, 60% used [0x00000000fe600000,0x00000000fedcce78,0x00000000ff300000)
  to   space 13312K, 0% used [0x00000000ff300000,0x00000000ff300000,0x0000000100000000)
 ParOldGen       total 349696K, used 269392K [0x00000000e0000000, 0x00000000f5580000, 0x00000000f5580000)
  object space 349696K, 77% used [0x00000000e0000000,0x00000000f0714048,0x00000000f5580000)
 Metaspace       used 107172K, capacity 114088K, committed 114816K, reserved 1148928K
  class space    used 13643K, capacity 15022K, committed 15232K, reserved 1048576K
}
Event: 3869.519 GC heap before
{Heap before GC invocations=162 (full 8):
 PSYoungGen      total 161280K, used 155955K [0x00000000f5580000, 0x0000000100000000, 0x0000000100000000)
  eden space 147968K, 100% used [0x00000000f5580000,0x00000000fe600000,0x00000000fe600000)
  from space 13312K, 60% used [0x00000000fe600000,0x00000000fedcce78,0x00000000ff300000)
  to   space 13312K, 0% used [0x00000000ff300000,0x00000000ff300000,0x0000000100000000)
 ParOldGen       total 349696K, used 269392K [0x00000000e0000000, 0x00000000f5580000, 0x00000000f5580000)
  object space 349696K, 77% used [0x00000000e0000000,0x00000000f0714048,0x00000000f5580000)
 Metaspace       used 107530K, capacity 114512K, committed 115200K, reserved 1148928K
  class space    used 13701K, capacity 15108K, committed 15360K, reserved 1048576K
Event: 3869.532 GC heap after
Heap after GC invocations=162 (full 8):
 PSYoungGen      total 142848K, used 13310K [0x00000000f5580000, 0x0000000100000000, 0x0000000100000000)
  eden space 129536K, 0% used [0x00000000f5580000,0x00000000f5580000,0x00000000fd400000)
  from space 13312K, 99% used [0x00000000ff300000,0x00000000fffff918,0x0000000100000000)
  to   space 22528K, 0% used [0x00000000fd400000,0x00000000fd400000,0x00000000fea00000)
 ParOldGen       total 349696K, used 290541K [0x00000000e0000000, 0x00000000f5580000, 0x00000000f5580000)
  object space 349696K, 83% used [0x00000000e0000000,0x00000000f1bbb648,0x00000000f5580000)
 Metaspace       used 107530K, capacity 114512K, committed 115200K, reserved 1148928K
  class space    used 13701K, capacity 15108K, committed 15360K, reserved 1048576K
}
Event: 3869.684 GC heap before
{Heap before GC invocations=163 (full 8):
 PSYoungGen      total 142848K, used 142846K [0x00000000f5580000, 0x0000000100000000, 0x0000000100000000)
  eden space 129536K, 100% used [0x00000000f5580000,0x00000000fd400000,0x00000000fd400000)
  from space 13312K, 99% used [0x00000000ff300000,0x00000000fffff918,0x0000000100000000)
  to   space 22528K, 0% used [0x00000000fd400000,0x00000000fd400000,0x00000000fea00000)
 ParOldGen       total 349696K, used 290541K [0x00000000e0000000, 0x00000000f5580000, 0x00000000f5580000)
  object space 349696K, 83% used [0x00000000e0000000,0x00000000f1bbb648,0x00000000f5580000)
 Metaspace       used 107545K, capacity 114518K, committed 115200K, reserved 1148928K
  class space    used 13702K, capacity 15109K, committed 15360K, reserved 1048576K
Event: 3869.696 GC heap after
Heap after GC invocations=163 (full 8):
 PSYoungGen      total 152064K, used 22524K [0x00000000f5580000, 0x0000000100000000, 0x0000000100000000)
  eden space 129536K, 0% used [0x00000000f5580000,0x00000000f5580000,0x00000000fd400000)
  from space 22528K, 99% used [0x00000000fd400000,0x00000000fe9ff228,0x00000000fea00000)
  to   space 22528K, 0% used [0x00000000fea00000,0x00000000fea00000,0x0000000100000000)
 ParOldGen       total 349696K, used 308930K [0x00000000e0000000, 0x00000000f5580000, 0x00000000f5580000)
  object space 349696K, 88% used [0x00000000e0000000,0x00000000f2db0928,0x00000000f5580000)
 Metaspace       used 107545K, capacity 114518K, committed 115200K, reserved 1148928K
  class space    used 13702K, capacity 15109K, committed 15360K, reserved 1048576K
}
Event: 3869.849 GC heap before
{Heap before GC invocations=164 (full 8):
 PSYoungGen      total 152064K, used 152039K [0x00000000f5580000, 0x0000000100000000, 0x0000000100000000)
  eden space 129536K, 99% used [0x00000000f5580000,0x00000000fd3fab30,0x00000000fd400000)
  from space 22528K, 99% used [0x00000000fd400000,0x00000000fe9ff228,0x00000000fea00000)
  to   space 22528K, 0% used [0x00000000fea00000,0x00000000fea00000,0x0000000100000000)
 ParOldGen       total 349696K, used 308930K [0x00000000e0000000, 0x00000000f5580000, 0x00000000f5580000)
  object space 349696K, 88% used [0x00000000e0000000,0x00000000f2db0928,0x00000000f5580000)
 Metaspace       used 107699K, capacity 114708K, committed 115200K, reserved 1148928K
  class space    used 13731K, capacity 15136K, committed 15360K, reserved 1048576K
Event: 3869.863 GC heap after
Heap after GC invocations=164 (full 8):
 PSYoungGen      total 116224K, used 22525K [0x00000000f5580000, 0x0000000100000000, 0x0000000100000000)
  eden space 93696K, 0% used [0x00000000f5580000,0x00000000f5580000,0x00000000fb100000)
  from space 22528K, 99% used [0x00000000fea00000,0x00000000fffff500,0x0000000100000000)
  to   space 40448K, 0% used [0x00000000fb100000,0x00000000fb100000,0x00000000fd880000)
 ParOldGen       total 349696K, used 324290K [0x00000000e0000000, 0x00000000f5580000, 0x00000000f5580000)
  object space 349696K, 92% used [0x00000000e0000000,0x00000000f3cb0b38,0x00000000f5580000)
 Metaspace       used 107699K, capacity 114708K, committed 115200K, reserved 1148928K
  class space    used 13731K, capacity 15136K, committed 15360K, reserved 1048576K
}
Event: 3869.998 GC heap before
{Heap before GC invocations=165 (full 8):
 PSYoungGen      total 116224K, used 116221K [0x00000000f5580000, 0x0000000100000000, 0x0000000100000000)
  eden space 93696K, 100% used [0x00000000f5580000,0x00000000fb100000,0x00000000fb100000)
  from space 22528K, 99% used [0x00000000fea00000,0x00000000fffff500,0x0000000100000000)
  to   space 40448K, 0% used [0x00000000fb100000,0x00000000fb100000,0x00000000fd880000)
 ParOldGen       total 349696K, used 324290K [0x00000000e0000000, 0x00000000f5580000, 0x00000000f5580000)
  object space 349696K, 92% used [0x00000000e0000000,0x00000000f3cb0b38,0x00000000f5580000)
 Metaspace       used 107717K, capacity 114708K, committed 115200K, reserved 1148928K
  class space    used 13731K, capacity 15136K, committed 15360K, reserved 1048576K
Event: 3870.041 GC heap after
Heap after GC invocations=165 (full 8):
 PSYoungGen      total 134144K, used 17034K [0x00000000f5580000, 0x0000000100000000, 0x0000000100000000)
  eden space 93696K, 0% used [0x00000000f5580000,0x00000000f5580000,0x00000000fb100000)
  from space 40448K, 42% used [0x00000000fb100000,0x00000000fc1a28c0,0x00000000fd880000)
  to   space 38400K, 0% used [0x00000000fda80000,0x00000000fda80000,0x0000000100000000)
 ParOldGen       total 349696K, used 342832K [0x00000000e0000000, 0x00000000f5580000, 0x00000000f5580000)
  object space 349696K, 98% used [0x00000000e0000000,0x00000000f4ecc348,0x00000000f5580000)
 Metaspace       used 107717K, capacity 114708K, committed 115200K, reserved 1148928K
  class space    used 13731K, capacity 15136K, committed 15360K, reserved 1048576K
}
Event: 3870.041 GC heap before
{Heap before GC invocations=166 (full 9):
 PSYoungGen      total 134144K, used 17034K [0x00000000f5580000, 0x0000000100000000, 0x0000000100000000)
  eden space 93696K, 0% used [0x00000000f5580000,0x00000000f5580000,0x00000000fb100000)
  from space 40448K, 42% used [0x00000000fb100000,0x00000000fc1a28c0,0x00000000fd880000)
  to   space 38400K, 0% used [0x00000000fda80000,0x00000000fda80000,0x0000000100000000)
 ParOldGen       total 349696K, used 342832K [0x00000000e0000000, 0x00000000f5580000, 0x00000000f5580000)
  object space 349696K, 98% used [0x00000000e0000000,0x00000000f4ecc348,0x00000000f5580000)
 Metaspace       used 107717K, capacity 114708K, committed 115200K, reserved 1148928K
  class space    used 13731K, capacity 15136K, committed 15360K, reserved 1048576K

Deoptimization events (10 events):
Event: 3869.761 Thread 0x0000000032d20800 Uncommon trap: reason=unstable_if action=reinterpret pc=0x0000000007f9175c method=java.util.concurrent.ConcurrentHashMap.computeIfAbsent(Ljava/lang/Object;Ljava/util/function/Function;)Ljava/lang/Object; @ 200
Event: 3869.760 Thread 0x0000000032d23800 Uncommon trap: reason=unstable_if action=reinterpret pc=0x0000000007f9175c method=java.util.concurrent.ConcurrentHashMap.computeIfAbsent(Ljava/lang/Object;Ljava/util/function/Function;)Ljava/lang/Object; @ 200
Event: 3869.761 Thread 0x0000000032d22800 Uncommon trap: reason=unstable_if action=reinterpret pc=0x0000000007f9175c method=java.util.concurrent.ConcurrentHashMap.computeIfAbsent(Ljava/lang/Object;Ljava/util/function/Function;)Ljava/lang/Object; @ 200
Event: 3869.761 Thread 0x000000001d905800 Uncommon trap: reason=unstable_if action=reinterpret pc=0x0000000007f9175c method=java.util.concurrent.ConcurrentHashMap.computeIfAbsent(Ljava/lang/Object;Ljava/util/function/Function;)Ljava/lang/Object; @ 200
Event: 3869.761 Thread 0x0000000032d21000 Uncommon trap: reason=unstable_if action=reinterpret pc=0x0000000003ab3398 method=java.util.concurrent.ConcurrentHashMap.addCount(JI)V @ 168
Event: 3869.761 Thread 0x0000000023281000 Uncommon trap: reason=unstable_if action=reinterpret pc=0x0000000003ab3398 method=java.util.concurrent.ConcurrentHashMap.addCount(JI)V @ 168
Event: 3869.761 Thread 0x0000000032d24000 Uncommon trap: reason=unstable_if action=reinterpret pc=0x0000000007f9175c method=java.util.concurrent.ConcurrentHashMap.computeIfAbsent(Ljava/lang/Object;Ljava/util/function/Function;)Ljava/lang/Object; @ 200
Event: 3869.761 Thread 0x0000000032d20800 Uncommon trap: reason=unstable_if action=reinterpret pc=0x0000000003ab3398 method=java.util.concurrent.ConcurrentHashMap.addCount(JI)V @ 168
Event: 3869.761 Thread 0x000000002327f000 Uncommon trap: reason=unstable_if action=reinterpret pc=0x0000000007728570 method=java.util.concurrent.ConcurrentHashMap.transfer([Ljava/util/concurrent/ConcurrentHashMap$Node;[Ljava/util/concurrent/ConcurrentHashMap$Node;)V @ 351
Event: 3869.762 Thread 0x0000000023281000 Uncommon trap: reason=unstable_if action=reinterpret pc=0x0000000007d04494 method=java.util.concurrent.ConcurrentHashMap.putVal(Ljava/lang/Object;Ljava/lang/Object;Z)Ljava/lang/Object; @ 113

Classes redefined (0 events):
No events

Internal exceptions (10 events):
Event: 3868.799 Thread 0x000000001d8ff000 Exception <a 'sun/nio/fs/WindowsException'> (0x00000000fe14ffd8) thrown at [C:\re\workspace\8-2-build-windows-amd64-cygwin\jdk8u211\12973\hotspot\src\share\vm\prims\jni.cpp, line 710]
Event: 3868.816 Thread 0x000000001d905000 Exception <a 'sun/nio/fs/WindowsException'> (0x00000000f5703e98) thrown at [C:\re\workspace\8-2-build-windows-amd64-cygwin\jdk8u211\12973\hotspot\src\share\vm\prims\jni.cpp, line 710]
Event: 3868.818 Thread 0x000000001d904000 Exception <a 'sun/nio/fs/WindowsException'> (0x00000000f5717db0) thrown at [C:\re\workspace\8-2-build-windows-amd64-cygwin\jdk8u211\12973\hotspot\src\share\vm\prims\jni.cpp, line 710]
Event: 3869.015 Thread 0x0000000019cb6800 Exception <a 'sun/nio/fs/WindowsException'> (0x00000000fd146848) thrown at [C:\re\workspace\8-2-build-windows-amd64-cygwin\jdk8u211\12973\hotspot\src\share\vm\prims\jni.cpp, line 710]
Event: 3869.120 Thread 0x000000001d90b000 Exception <a 'java/lang/NoSuchMethodError': <clinit>> (0x00000000f6bb6470) thrown at [C:\re\workspace\8-2-build-windows-amd64-cygwin\jdk8u211\12973\hotspot\src\share\vm\prims\jni.cpp, line 1614]
Event: 3869.368 Thread 0x000000001d8fe000 Exception <a 'sun/nio/fs/WindowsException'> (0x00000000f5d99ff0) thrown at [C:\re\workspace\8-2-build-windows-amd64-cygwin\jdk8u211\12973\hotspot\src\share\vm\prims\jni.cpp, line 710]
Event: 3869.781 Thread 0x000000001d903800 Exception <a 'java/lang/NoSuchMethodError': <clinit>> (0x00000000fa2b6b48) thrown at [C:\re\workspace\8-2-build-windows-amd64-cygwin\jdk8u211\12973\hotspot\src\share\vm\prims\jni.cpp, line 1614]
Event: 3869.782 Thread 0x000000001d903800 Exception <a 'java/lang/NoSuchMethodError': <clinit>> (0x00000000fa4f2ae8) thrown at [C:\re\workspace\8-2-build-windows-amd64-cygwin\jdk8u211\12973\hotspot\src\share\vm\prims\jni.cpp, line 1614]
Event: 3869.785 Thread 0x000000001d903800 Exception <a 'java/lang/NoSuchMethodError': <clinit>> (0x00000000fa534ba0) thrown at [C:\re\workspace\8-2-build-windows-amd64-cygwin\jdk8u211\12973\hotspot\src\share\vm\prims\jni.cpp, line 1614]
Event: 3869.785 Thread 0x000000001d903800 Exception <a 'java/lang/NoSuchMethodError': <clinit>> (0x00000000fa538e50) thrown at [C:\re\workspace\8-2-build-windows-amd64-cygwin\jdk8u211\12973\hotspot\src\share\vm\prims\jni.cpp, line 1614]

Events (10 events):
Event: 3869.983 Thread 0x0000000016194000 flushing nmethod 0x000000000885ccd0
Event: 3869.985 Thread 0x0000000032d23800 DEOPT PACKING pc=0x0000000005b92bb4 sp=0x000000002e75eef0
Event: 3869.985 Thread 0x0000000032d23800 DEOPT UNPACKING pc=0x0000000003127490 sp=0x000000002e75eca8 mode 0
Event: 3869.990 Thread 0x000000001d905800 DEOPT PACKING pc=0x0000000005b92bb4 sp=0x000000002d64f040
Event: 3869.990 Thread 0x000000001d905800 DEOPT UNPACKING pc=0x0000000003127490 sp=0x000000002d64edf8 mode 0
Event: 3869.994 Executing VM operation: RevokeBias
Event: 3869.995 Executing VM operation: RevokeBias done
Event: 3869.997 Thread 0x0000000032d22800 DEOPT PACKING pc=0x0000000005b92bb4 sp=0x000000002e85eee0
Event: 3869.997 Thread 0x0000000032d22800 DEOPT UNPACKING pc=0x0000000003127490 sp=0x000000002e85ec98 mode 0
Event: 3869.998 Executing VM operation: ParallelGCFailedAllocation


Dynamic libraries:
0x00007ff703590000 - 0x00007ff7035c7000 	C:\Program Files\Java\jdk1.8.0_211\bin\java.exe
0x00007ffa22500000 - 0x00007ffa226f0000 	C:\Windows\SYSTEM32\ntdll.dll
0x00007ffa10c60000 - 0x00007ffa10c73000 	C:\Program Files\AVAST Software\Avast\aswhook.dll
0x00007ffa223a0000 - 0x00007ffa22452000 	C:\Windows\System32\KERNEL32.DLL
0x00007ffa1f9c0000 - 0x00007ffa1fc64000 	C:\Windows\System32\KERNELBASE.dll
0x00007ffa206d0000 - 0x00007ffa20773000 	C:\Windows\System32\ADVAPI32.dll
0x00007ffa22040000 - 0x00007ffa220de000 	C:\Windows\System32\msvcrt.dll
0x00007ffa20b90000 - 0x00007ffa20c27000 	C:\Windows\System32\sechost.dll
0x00007ffa22280000 - 0x00007ffa223a0000 	C:\Windows\System32\RPCRT4.dll
0x00007ffa220e0000 - 0x00007ffa22274000 	C:\Windows\System32\USER32.dll
0x00007ffa1f750000 - 0x00007ffa1f771000 	C:\Windows\System32\win32u.dll
0x00007ffa216d0000 - 0x00007ffa216f6000 	C:\Windows\System32\GDI32.dll
0x00007ffa1f780000 - 0x00007ffa1f916000 	C:\Windows\System32\gdi32full.dll
0x00007ffa1f920000 - 0x00007ffa1f9be000 	C:\Windows\System32\msvcp_win.dll
0x00007ffa20460000 - 0x00007ffa2055a000 	C:\Windows\System32\ucrtbase.dll
0x00007ffa06c50000 - 0x00007ffa06ed4000 	C:\Windows\WinSxS\amd64_microsoft.windows.common-controls_6595b64144ccf1df_6.0.18362.959_none_e6c7bbbf130c62bb\COMCTL32.dll
0x00007ffa20ca0000 - 0x00007ffa20fd5000 	C:\Windows\System32\combase.dll
0x00007ffa1f480000 - 0x00007ffa1f500000 	C:\Windows\System32\bcryptPrimitives.dll
0x00007ffa21900000 - 0x00007ffa2192e000 	C:\Windows\System32\IMM32.DLL
0x000000006e230000 - 0x000000006e302000 	C:\Program Files\Java\jdk1.8.0_211\jre\bin\msvcr100.dll
0x000000006d980000 - 0x000000006e225000 	C:\Program Files\Java\jdk1.8.0_211\jre\bin\server\jvm.dll
0x00007ffa20850000 - 0x00007ffa20858000 	C:\Windows\System32\PSAPI.DLL
0x00007ffa17f00000 - 0x00007ffa17f09000 	C:\Windows\SYSTEM32\WSOCK32.dll
0x00007ffa20c30000 - 0x00007ffa20c9f000 	C:\Windows\System32\WS2_32.dll
0x00007ffa18ac0000 - 0x00007ffa18ae4000 	C:\Windows\SYSTEM32\WINMM.dll
0x00007ffa1a0e0000 - 0x00007ffa1a0ea000 	C:\Windows\SYSTEM32\VERSION.dll
0x00007ffa18a90000 - 0x00007ffa18abd000 	C:\Windows\SYSTEM32\WINMMBASE.dll
0x00007ffa1f650000 - 0x00007ffa1f69a000 	C:\Windows\System32\cfgmgr32.dll
0x00007ffa096d0000 - 0x00007ffa096df000 	C:\Program Files\Java\jdk1.8.0_211\jre\bin\verify.dll
0x00007ff9f0020000 - 0x00007ff9f0049000 	C:\Program Files\Java\jdk1.8.0_211\jre\bin\java.dll
0x00007ffa03bb0000 - 0x00007ffa03bc6000 	C:\Program Files\Java\jdk1.8.0_211\jre\bin\zip.dll
0x00007ffa20fe0000 - 0x00007ffa216c6000 	C:\Windows\System32\SHELL32.dll
0x00007ffa20620000 - 0x00007ffa206c9000 	C:\Windows\System32\shcore.dll
0x00007ffa1fcd0000 - 0x00007ffa20452000 	C:\Windows\System32\windows.storage.dll
0x00007ffa1f3c0000 - 0x00007ffa1f3e3000 	C:\Windows\System32\profapi.dll
0x00007ffa1f430000 - 0x00007ffa1f47a000 	C:\Windows\System32\powrprof.dll
0x00007ffa1f3b0000 - 0x00007ffa1f3c0000 	C:\Windows\System32\UMPDC.dll
0x00007ffa20ad0000 - 0x00007ffa20b22000 	C:\Windows\System32\shlwapi.dll
0x00007ffa1f410000 - 0x00007ffa1f421000 	C:\Windows\System32\kernel.appcore.dll
0x00007ffa20560000 - 0x00007ffa20577000 	C:\Windows\System32\cryptsp.dll
0x00007ff9ff980000 - 0x00007ff9ff99a000 	C:\Program Files\Java\jdk1.8.0_211\jre\bin\net.dll
0x00007ffa0e910000 - 0x00007ffa0eae6000 	C:\Windows\SYSTEM32\urlmon.dll
0x00007ffa0ec50000 - 0x00007ffa0eef6000 	C:\Windows\SYSTEM32\iertutil.dll
0x00007ffa1ed50000 - 0x00007ffa1ed5c000 	C:\Windows\SYSTEM32\CRYPTBASE.DLL
0x00007ffa1ebd0000 - 0x00007ffa1ec37000 	C:\Windows\system32\mswsock.dll
0x00007ff9fd950000 - 0x00007ff9fd962000 	C:\Program Files\Java\jdk1.8.0_211\jre\bin\nio.dll
0x00007ff9ed420000 - 0x00007ff9ed446000 	C:\Users\PC\.gradle\native\30\windows-amd64\native-platform.dll
0x00007ffa05b30000 - 0x00007ffa05b3d000 	C:\Program Files\Java\jdk1.8.0_211\jre\bin\management.dll
0x00007ffa1e750000 - 0x00007ffa1e783000 	C:\Windows\system32\rsaenh.dll
0x00007ffa20580000 - 0x00007ffa205a6000 	C:\Windows\System32\bcrypt.dll
0x00007ffa1f2d0000 - 0x00007ffa1f2f5000 	C:\Windows\SYSTEM32\USERENV.dll
0x00007ffa1e8f0000 - 0x00007ffa1e92a000 	C:\Windows\SYSTEM32\IPHLPAPI.DLL
0x00007ffa21bb0000 - 0x00007ffa21bb8000 	C:\Windows\System32\NSI.dll
0x00007ffa1b630000 - 0x00007ffa1b646000 	C:\Windows\SYSTEM32\dhcpcsvc6.DLL
0x00007ffa1b610000 - 0x00007ffa1b62c000 	C:\Windows\SYSTEM32\dhcpcsvc.DLL
0x00007ffa1e930000 - 0x00007ffa1e9fb000 	C:\Windows\SYSTEM32\DNSAPI.dll
0x00007ffa114b0000 - 0x00007ffa114d4000 	C:\Program Files\Java\jdk1.8.0_211\jre\bin\sunec.dll
0x00007ffa1a950000 - 0x00007ffa1a95a000 	C:\Windows\System32\rasadhlp.dll
0x00007ffa1b060000 - 0x00007ffa1b0d7000 	C:\Windows\System32\fwpuclnt.dll
0x00007ffa11b60000 - 0x00007ffa11b6b000 	C:\Program Files\Java\jdk1.8.0_211\jre\bin\sunmscapi.dll
0x00007ffa1f500000 - 0x00007ffa1f649000 	C:\Windows\System32\CRYPT32.dll
0x00007ffa1f3f0000 - 0x00007ffa1f402000 	C:\Windows\System32\MSASN1.dll
0x00007ffa1d500000 - 0x00007ffa1d58f000 	C:\Windows\system32\apphelp.dll
0x00007ffa19ee0000 - 0x00007ffa1a0d4000 	C:\Windows\SYSTEM32\dbghelp.dll

VM Arguments:
jvm_args: -XX:MaxMetaspaceSize=256m -XX:+HeapDumpOnOutOfMemoryError -Xms256m -Xmx512m -Dfile.encoding=windows-1252 -Duser.country=CR -Duser.language=es -Duser.variant 
java_command: org.gradle.launcher.daemon.bootstrap.GradleDaemon 6.0.1
java_class_path (initial): C:\Users\PC\.gradle\wrapper\dists\gradle-6.0.1-all\99d3u8wxs16ndehh90lbbir67\gradle-6.0.1\lib\gradle-launcher-6.0.1.jar
Launcher Type: SUN_STANDARD

Environment Variables:
JAVA_HOME=C:\Program Files\Java\jdk1.8.0_211
CLASSPATH=C:\Users\PC\Desktop\PetCr\PetCr\android\\gradle\wrapper\gradle-wrapper.jar
PATH=C:\Users\PC\Desktop\PetCr\PetCr\android\node_modules\.bin;C:\Users\PC\Desktop\PetCr\PetCr\node_modules\.bin;C:\Users\PC\Desktop\PetCr\node_modules\.bin;C:\Users\PC\Desktop\node_modules\.bin;C:\Users\PC\node_modules\.bin;C:\Users\node_modules\.bin;C:\node_modules\.bin;C:\Program Files\nodejs;C:\Users\PC\Desktop\PetCr\PetCr\node_modules\.bin;C:\Python27\;C:\Python27\Scripts;C:\Windows\system32;C:\Windows;C:\Windows\System32\Wbem;C:\Windows\System32\WindowsPowerShell\v1.0\;C:\Windows\System32\OpenSSH\;C:\Program Files\Git\cmd;C:\ProgramData\chocolatey\bin;C:\Program Files\nodejs\;C:\Program Files\Java\jdk1.8.0_211\bin;C:\Users\PC\AppData\Local\Programs\Python\Python38-32\Scripts\;C:\Users\PC\AppData\Local\Programs\Python\Python38-32\;C:\Users\PC\AppData\Local\Microsoft\WindowsApps;C:\Users\PC\AppData\Local\Programs\Microsoft VS Code\bin;C:\Program Files\heroku\bin;C:\Users\PC\AppData\Local\GitHubDesktop\bin;C:\Users\PC\AppData\Roaming\npm
USERNAME=PC
OS=Windows_NT
PROCESSOR_IDENTIFIER=AMD64 Family 23 Model 1 Stepping 1, AuthenticAMD



---------------  S Y S T E M  ---------------

OS: Windows 10.0 , 64 bit Build 18362 (10.0.18362.959)

CPU:total 12 (initial active 12) (12 cores per cpu, 1 threads per core) family 23 model 1 stepping 1, cmov, cx8, fxsr, mmx, sse, sse2, sse3, ssse3, sse4.1, sse4.2, popcnt, avx, avx2, aes, clmul, mmxext, 3dnowpref, lzcnt, sse4a, tsc, tscinvbit, tscinv, bmi1

Memory: 4k page, physical 16728656k(5218288k free), swap 23282256k(6001720k free)

vm_info: Java HotSpot(TM) 64-Bit Server VM (25.211-b12) for windows-amd64 JRE (1.8.0_211-b12), built on Apr  1 2019 20:53:26 by "java_re" with MS VC++ 10.0 (VS2010)

time: Thu Jul 16 16:16:31 2020
timezone: Hora estándar, América Central
elapsed time: 3870 seconds (0d 1h 4m 30s)

